This is XeTeX, Version 3.141592653-2.6-0.999998 (MiKTeX 26.2) (preloaded format=xelatex 2026.4.10)  27 APR 2026 20:28
entering extended mode
 restricted \write18 enabled.
 %&-line parsing enabled.
**./main.tex
(main.tex
LaTeX2e <2025-11-01>
L3 programming layer <2026-01-19>
(C:\Users\Asus\miktex\tex/latex/base\article.cls
Document Class: article 2025/01/22 v1.4n Standard LaTeX document class
(C:\Users\Asus\miktex\tex/latex/base\size11.clo
File: size11.clo 2025/01/22 v1.4n Standard LaTeX file (size option)
)
\c@part=\count271
\c@section=\count272
\c@subsection=\count273
\c@subsubsection=\count274
\c@paragraph=\count275
\c@subparagraph=\count276
\c@figure=\count277
\c@table=\count278
\abovecaptionskip=\skip49
\belowcaptionskip=\skip50
\bibindent=\dimen148
)
(C:\Users\Asus\miktex\tex/latex/geometry\geometry.sty
Package: geometry 2026/03/07 v6.0 Page Geometry

(C:\Users\Asus\miktex\tex/latex/graphics\keyval.sty
Package: keyval 2022/05/29 v1.15 key=value parser (DPC)
\KV@toks@=\toks17
)
(C:\Users\Asus\miktex\tex/generic/iftex\ifvtex.sty
Package: ifvtex 2019/10/25 v1.7 ifvtex legacy package. Use iftex instead.

(C:\Users\Asus\miktex\tex/generic/iftex\iftex.sty
Package: iftex 2024/12/12 v1.0g TeX engine tests
))
\Gm@cnth=\count279
\Gm@cntv=\count280
\c@Gm@tempcnt=\count281
\Gm@bindingoffset=\dimen149
\Gm@wd@mp=\dimen150
\Gm@odd@mp=\dimen151
\Gm@even@mp=\dimen152
\Gm@layoutwidth=\dimen153
\Gm@layoutheight=\dimen154
\Gm@layouthoffset=\dimen155
\Gm@layoutvoffset=\dimen156
\Gm@dimlist=\toks18

(C:\Users\Asus\miktex\tex/latex/geometry\geometry.cfg))
(C:\Users\Asus\miktex\tex/latex/setspace\setspace.sty
Package: setspace 2022/12/04 v6.7b set line spacing
)
(C:\Users\Asus\miktex\tex/latex/fontspec\fontspec.sty
(C:\Users\Asus\miktex\tex/latex/l3packages/xparse\xparse.sty
(C:\Users\Asus\miktex\tex/latex/l3kernel\expl3.sty
Package: expl3 2026-01-19 L3 programming layer (loader) 

(C:\Users\Asus\miktex\tex/latex/l3backend\l3backend-xetex.def
File: l3backend-xetex.def 2025-10-09 L3 backend support: XeTeX
\g__graphics_track_int=\count282
\g__pdfannot_backend_int=\count283
\g__pdfannot_backend_link_int=\count284
))
Package: xparse 2025-10-09 L3 Experimental document command parser
)
Package: fontspec 2025/09/29 v2.9g Font selection for XeLaTeX and LuaLaTeX

(C:\Users\Asus\miktex\tex/latex/fontspec\fontspec-xetex.sty
Package: fontspec-xetex 2025/09/29 v2.9g Font selection for XeLaTeX and LuaLaTe
X
\l__fontspec_script_int=\count285
\l__fontspec_language_int=\count286
\l__fontspec_strnum_int=\count287
\l__fontspec_tmp_int=\count288
\l__fontspec_tmpa_int=\count289
\l__fontspec_tmpb_int=\count290
\l__fontspec_tmpc_int=\count291
\l__fontspec_em_int=\count292
\l__fontspec_emdef_int=\count293
\l__fontspec_strong_int=\count294
\l__fontspec_strongdef_int=\count295
\l__fontspec_tmpa_dim=\dimen157
\l__fontspec_tmpb_dim=\dimen158
\l__fontspec_tmpc_dim=\dimen159

(C:\Users\Asus\miktex\tex/latex/base\fontenc.sty
Package: fontenc 2025/07/18 v2.1d Standard LaTeX package
)
(C:\Users\Asus\miktex\tex/latex/fontspec\fontspec.cfg)))

Package fontspec Info: 
(fontspec)             Font family 'UberMoveMedium.otf(0)' created for font
(fontspec)             'UberMoveMedium.otf' with options
(fontspec)             [Ligatures=TeX,BoldFont=UberMoveBold.otf,ItalicFont=Uber
MoveMedium.otf,BoldItalicFont=UberMoveBold.otf].
(fontspec)              
(fontspec)              This font family consists of the following NFSS
(fontspec)             series/shapes:
(fontspec)              
(fontspec)             - 'normal' (m/n) with NFSS spec.:
(fontspec)             <->"[UberMoveMedium.otf]/OT:script=latn;language=dflt;ma
pping=tex-text;"
(fontspec)             - 'bold' (b/n) with NFSS spec.:
(fontspec)             <->"[UberMoveBold.otf]/OT:script=latn;language=dflt;mapp
ing=tex-text;"
(fontspec)             - 'italic' (m/it) with NFSS spec.:
(fontspec)             <->"[UberMoveMedium.otf]/OT:script=latn;language=dflt;ma
pping=tex-text;"
(fontspec)             - 'bold italic' (b/it) with NFSS spec.:
(fontspec)             <->"[UberMoveBold.otf]/OT:script=latn;language=dflt;mapp
ing=tex-text;"


(C:\Users\Asus\miktex\tex/latex/microtype\microtype.sty
Package: microtype 2026/03/01 v3.2d Micro-typographical refinements (RS)

(C:\Users\Asus\miktex\tex/latex/etoolbox\etoolbox.sty
Package: etoolbox 2025/10/02 v2.5m e-TeX tools for LaTeX (JAW)
\etb@tempcnta=\count296
)
\MT@toks=\toks19
\MT@tempbox=\box53
\MT@count=\count297
LaTeX Info: Redefining \noprotrusionifhmode on input line 1084.
LaTeX Info: Redefining \leftprotrusion on input line 1085.
\MT@prot@toks=\toks20
LaTeX Info: Redefining \rightprotrusion on input line 1104.
LaTeX Info: Redefining \textls on input line 1449.
\MT@outer@kern=\dimen160
LaTeX Info: Redefining \microtypecontext on input line 2053.
LaTeX Info: Redefining \textmicrotypecontext on input line 2070.
\MT@listname@count=\count298

(C:\Users\Asus\miktex\tex/latex/microtype\microtype-xetex.def
File: microtype-xetex.def 2026/03/01 v3.2d Definitions specific to xetex (RS)
LaTeX Info: Redefining \lsstyle on input line 443.
LaTeX Info: Redefining \lslig on input line 451.
\MT@outer@space=\skip51
)
Package microtype Info: Loading configuration file microtype.cfg.

(C:\Users\Asus\miktex\tex/latex/microtype\microtype.cfg
File: microtype.cfg 2026/03/01 v3.2d microtype main configuration file (RS)
)
LaTeX Info: Redefining \microtypesetup on input line 3065.
)
(C:\Users\Asus\miktex\tex/latex/amsmath\amsmath.sty
Package: amsmath 2025/07/09 v2.17z AMS math features
\@mathmargin=\skip52

For additional information on amsmath, use the `?' option.
(C:\Users\Asus\miktex\tex/latex/amsmath\amstext.sty
Package: amstext 2024/11/17 v2.01 AMS text

(C:\Users\Asus\miktex\tex/latex/amsmath\amsgen.sty
File: amsgen.sty 1999/11/30 v2.0 generic functions
\@emptytoks=\toks21
\ex@=\dimen161
))
(C:\Users\Asus\miktex\tex/latex/amsmath\amsbsy.sty
Package: amsbsy 1999/11/29 v1.2d Bold Symbols
\pmbraise@=\dimen162
)
(C:\Users\Asus\miktex\tex/latex/amsmath\amsopn.sty
Package: amsopn 2022/04/08 v2.04 operator names
)
\inf@bad=\count299
LaTeX Info: Redefining \frac on input line 233.
\uproot@=\count300
\leftroot@=\count301
LaTeX Info: Redefining \overline on input line 398.
LaTeX Info: Redefining \colon on input line 409.
\classnum@=\count302
\DOTSCASE@=\count303
LaTeX Info: Redefining \ldots on input line 495.
LaTeX Info: Redefining \dots on input line 498.
LaTeX Info: Redefining \cdots on input line 619.
\Mathstrutbox@=\box54
\strutbox@=\box55
LaTeX Info: Redefining \big on input line 721.
LaTeX Info: Redefining \Big on input line 722.
LaTeX Info: Redefining \bigg on input line 723.
LaTeX Info: Redefining \Bigg on input line 724.
\big@size=\dimen163
LaTeX Font Info:    Redeclaring font encoding OML on input line 742.
LaTeX Font Info:    Redeclaring font encoding OMS on input line 743.
\macc@depth=\count304
LaTeX Info: Redefining \bmod on input line 904.
LaTeX Info: Redefining \pmod on input line 909.
LaTeX Info: Redefining \smash on input line 939.
LaTeX Info: Redefining \relbar on input line 969.
LaTeX Info: Redefining \Relbar on input line 970.
\c@MaxMatrixCols=\count305
\dotsspace@=\muskip17
\c@parentequation=\count306
\dspbrk@lvl=\count307
\tag@help=\toks22
\row@=\count308
\column@=\count309
\maxfields@=\count310
\andhelp@=\toks23
\eqnshift@=\dimen164
\alignsep@=\dimen165
\tagshift@=\dimen166
\tagwidth@=\dimen167
\totwidth@=\dimen168
\lineht@=\dimen169
\@envbody=\toks24
\multlinegap=\skip53
\multlinetaggap=\skip54
\mathdisplay@stack=\toks25
LaTeX Info: Redefining \[ on input line 2950.
LaTeX Info: Redefining \] on input line 2951.
)
(C:\Users\Asus\miktex\tex/latex/amsfonts\amssymb.sty
Package: amssymb 2013/01/14 v3.01 AMS font symbols

(C:\Users\Asus\miktex\tex/latex/amsfonts\amsfonts.sty
Package: amsfonts 2013/01/14 v3.01 Basic AMSFonts support
\symAMSa=\mathgroup4
\symAMSb=\mathgroup5
LaTeX Font Info:    Redeclaring math symbol \hbar on input line 98.
LaTeX Font Info:    Overwriting math alphabet `\mathfrak' in version `bold'
(Font)                  U/euf/m/n --> U/euf/b/n on input line 106.
))
(C:\Users\Asus\miktex\tex/latex/pgf/frontendlayer\tikz.sty
(C:\Users\Asus\miktex\tex/latex/pgf/basiclayer\pgf.sty
(C:\Users\Asus\miktex\tex/latex/pgf/utilities\pgfrcs.sty
(C:\Users\Asus\miktex\tex/generic/pgf/utilities\pgfutil-common.tex
\pgfutil@everybye=\toks26
\pgfutil@tempdima=\dimen170
\pgfutil@tempdimb=\dimen171
)
(C:\Users\Asus\miktex\tex/generic/pgf/utilities\pgfutil-latex.def
\pgfutil@abb=\box56
)
(C:\Users\Asus\miktex\tex/generic/pgf/utilities\pgfrcs.code.tex
(C:\Users\Asus\miktex\tex/generic/pgf\pgf.revision.tex)
Package: pgfrcs 2025-08-29 v3.1.11a (3.1.11a)
))
Package: pgf 2025-08-29 v3.1.11a (3.1.11a)

(C:\Users\Asus\miktex\tex/latex/pgf/basiclayer\pgfcore.sty
(C:\Users\Asus\miktex\tex/latex/graphics\graphicx.sty
Package: graphicx 2024/12/31 v1.2e Enhanced LaTeX Graphics (DPC,SPQR)

(C:\Users\Asus\miktex\tex/latex/graphics\graphics.sty
Package: graphics 2024/08/06 v1.4g Standard LaTeX Graphics (DPC,SPQR)

(C:\Users\Asus\miktex\tex/latex/graphics\trig.sty
Package: trig 2023/12/02 v1.11 sin cos tan (DPC)
)
(C:\Users\Asus\miktex\tex/latex/graphics-cfg\graphics.cfg
File: graphics.cfg 2016/06/04 v1.11 sample graphics configuration
)
Package graphics Info: Driver file: xetex.def on input line 106.

(C:\Users\Asus\miktex\tex/latex/graphics-def\xetex.def
File: xetex.def 2025/11/01 v5.0p Graphics/color driver for xetex
))
\Gin@req@height=\dimen172
\Gin@req@width=\dimen173
)
(C:\Users\Asus\miktex\tex/latex/pgf/systemlayer\pgfsys.sty
(C:\Users\Asus\miktex\tex/generic/pgf/systemlayer\pgfsys.code.tex
Package: pgfsys 2025-08-29 v3.1.11a (3.1.11a)

(C:\Users\Asus\miktex\tex/generic/pgf/utilities\pgfkeys.code.tex
\pgfkeys@pathtoks=\toks27
\pgfkeys@temptoks=\toks28

(C:\Users\Asus\miktex\tex/generic/pgf/utilities\pgfkeyslibraryfiltered.code.tex
\pgfkeys@tmptoks=\toks29
))
\pgf@x=\dimen174
\pgf@y=\dimen175
\pgf@xa=\dimen176
\pgf@ya=\dimen177
\pgf@xb=\dimen178
\pgf@yb=\dimen179
\pgf@xc=\dimen180
\pgf@yc=\dimen181
\pgf@xd=\dimen182
\pgf@yd=\dimen183
\w@pgf@writea=\write3
\r@pgf@reada=\read2
\c@pgf@counta=\count311
\c@pgf@countb=\count312
\c@pgf@countc=\count313
\c@pgf@countd=\count314
\t@pgf@toka=\toks30
\t@pgf@tokb=\toks31
\t@pgf@tokc=\toks32
\pgf@sys@id@count=\count315
 (C:\Users\Asus\miktex\tex/generic/pgf/systemlayer\pgf.cfg
File: pgf.cfg 2025-08-29 v3.1.11a (3.1.11a)
)
Driver file for pgf: pgfsys-xetex.def

(C:\Users\Asus\miktex\tex/generic/pgf/systemlayer\pgfsys-xetex.def
File: pgfsys-xetex.def 2025-08-29 v3.1.11a (3.1.11a)

(C:\Users\Asus\miktex\tex/generic/pgf/systemlayer\pgfsys-dvipdfmx.def
File: pgfsys-dvipdfmx.def 2025-08-29 v3.1.11a (3.1.11a)

(C:\Users\Asus\miktex\tex/generic/pgf/systemlayer\pgfsys-common-pdf.def
File: pgfsys-common-pdf.def 2025-08-29 v3.1.11a (3.1.11a)
)
\pgfsys@objnum=\count316
)))
(C:\Users\Asus\miktex\tex/generic/pgf/systemlayer\pgfsyssoftpath.code.tex
File: pgfsyssoftpath.code.tex 2025-08-29 v3.1.11a (3.1.11a)
\pgfsyssoftpath@smallbuffer@items=\count317
\pgfsyssoftpath@bigbuffer@items=\count318
)
(C:\Users\Asus\miktex\tex/generic/pgf/systemlayer\pgfsysprotocol.code.tex
File: pgfsysprotocol.code.tex 2025-08-29 v3.1.11a (3.1.11a)
))
(C:\Users\Asus\miktex\tex/latex/xcolor\xcolor.sty
Package: xcolor 2024/09/29 v3.02 LaTeX color extensions (UK)

(C:\Users\Asus\miktex\tex/latex/graphics-cfg\color.cfg
File: color.cfg 2016/01/02 v1.6 sample color configuration
)
Package xcolor Info: Driver file: xetex.def on input line 274.

(C:\Users\Asus\miktex\tex/latex/graphics\mathcolor.ltx)
Package xcolor Info: Model `cmy' substituted by `cmy0' on input line 1349.
Package xcolor Info: Model `RGB' extended on input line 1365.
Package xcolor Info: Model `HTML' substituted by `rgb' on input line 1367.
Package xcolor Info: Model `Hsb' substituted by `hsb' on input line 1368.
Package xcolor Info: Model `tHsb' substituted by `hsb' on input line 1369.
Package xcolor Info: Model `HSB' substituted by `hsb' on input line 1370.
Package xcolor Info: Model `Gray' substituted by `gray' on input line 1371.
Package xcolor Info: Model `wave' substituted by `hsb' on input line 1372.
)
(C:\Users\Asus\miktex\tex/generic/pgf/basiclayer\pgfcore.code.tex
Package: pgfcore 2025-08-29 v3.1.11a (3.1.11a)

(C:\Users\Asus\miktex\tex/generic/pgf/math\pgfmath.code.tex
(C:\Users\Asus\miktex\tex/generic/pgf/math\pgfmathutil.code.tex)
(C:\Users\Asus\miktex\tex/generic/pgf/math\pgfmathparser.code.tex
\pgfmath@dimen=\dimen184
\pgfmath@count=\count319
\pgfmath@box=\box57
\pgfmath@toks=\toks33
\pgfmath@stack@operand=\toks34
\pgfmath@stack@operation=\toks35
)
(C:\Users\Asus\miktex\tex/generic/pgf/math\pgfmathfunctions.code.tex)
(C:\Users\Asus\miktex\tex/generic/pgf/math\pgfmathfunctions.basic.code.tex)
(C:\Users\Asus\miktex\tex/generic/pgf/math\pgfmathfunctions.trigonometric.code.
tex)
(C:\Users\Asus\miktex\tex/generic/pgf/math\pgfmathfunctions.random.code.tex)
(C:\Users\Asus\miktex\tex/generic/pgf/math\pgfmathfunctions.comparison.code.tex
) (C:\Users\Asus\miktex\tex/generic/pgf/math\pgfmathfunctions.base.code.tex)
(C:\Users\Asus\miktex\tex/generic/pgf/math\pgfmathfunctions.round.code.tex)
(C:\Users\Asus\miktex\tex/generic/pgf/math\pgfmathfunctions.misc.code.tex)
(C:\Users\Asus\miktex\tex/generic/pgf/math\pgfmathfunctions.integerarithmetics.
code.tex) (C:\Users\Asus\miktex\tex/generic/pgf/math\pgfmathcalc.code.tex)
(C:\Users\Asus\miktex\tex/generic/pgf/math\pgfmathfloat.code.tex
\c@pgfmathroundto@lastzeros=\count320
))
(C:\Users\Asus\miktex\tex/generic/pgf/math\pgfint.code.tex)
(C:\Users\Asus\miktex\tex/generic/pgf/basiclayer\pgfcorepoints.code.tex
File: pgfcorepoints.code.tex 2025-08-29 v3.1.11a (3.1.11a)
\pgf@picminx=\dimen185
\pgf@picmaxx=\dimen186
\pgf@picminy=\dimen187
\pgf@picmaxy=\dimen188
\pgf@pathminx=\dimen189
\pgf@pathmaxx=\dimen190
\pgf@pathminy=\dimen191
\pgf@pathmaxy=\dimen192
\pgf@xx=\dimen193
\pgf@xy=\dimen194
\pgf@yx=\dimen195
\pgf@yy=\dimen196
\pgf@zx=\dimen197
\pgf@zy=\dimen198
)
(C:\Users\Asus\miktex\tex/generic/pgf/basiclayer\pgfcorepathconstruct.code.tex
File: pgfcorepathconstruct.code.tex 2025-08-29 v3.1.11a (3.1.11a)
\pgf@path@lastx=\dimen199
\pgf@path@lasty=\dimen256
) (C:\Users\Asus\miktex\tex/generic/pgf/basiclayer\pgfcorepathusage.code.tex
File: pgfcorepathusage.code.tex 2025-08-29 v3.1.11a (3.1.11a)
\pgf@shorten@end@additional=\dimen257
\pgf@shorten@start@additional=\dimen258
)
(C:\Users\Asus\miktex\tex/generic/pgf/basiclayer\pgfcorescopes.code.tex
File: pgfcorescopes.code.tex 2025-08-29 v3.1.11a (3.1.11a)
\pgfpic=\box58
\pgf@hbox=\box59
\pgf@layerbox@main=\box60
\pgf@picture@serial@count=\count321
)
(C:\Users\Asus\miktex\tex/generic/pgf/basiclayer\pgfcoregraphicstate.code.tex
File: pgfcoregraphicstate.code.tex 2025-08-29 v3.1.11a (3.1.11a)
\pgflinewidth=\dimen259
)
(C:\Users\Asus\miktex\tex/generic/pgf/basiclayer\pgfcoretransformations.code.te
x
File: pgfcoretransformations.code.tex 2025-08-29 v3.1.11a (3.1.11a)
\pgf@pt@x=\dimen260
\pgf@pt@y=\dimen261
\pgf@pt@temp=\dimen262
) (C:\Users\Asus\miktex\tex/generic/pgf/basiclayer\pgfcorequick.code.tex
File: pgfcorequick.code.tex 2025-08-29 v3.1.11a (3.1.11a)
)
(C:\Users\Asus\miktex\tex/generic/pgf/basiclayer\pgfcoreobjects.code.tex
File: pgfcoreobjects.code.tex 2025-08-29 v3.1.11a (3.1.11a)
)
(C:\Users\Asus\miktex\tex/generic/pgf/basiclayer\pgfcorepathprocessing.code.tex
File: pgfcorepathprocessing.code.tex 2025-08-29 v3.1.11a (3.1.11a)
) (C:\Users\Asus\miktex\tex/generic/pgf/basiclayer\pgfcorearrows.code.tex
File: pgfcorearrows.code.tex 2025-08-29 v3.1.11a (3.1.11a)
\pgfarrowsep=\dimen263
)
(C:\Users\Asus\miktex\tex/generic/pgf/basiclayer\pgfcoreshade.code.tex
File: pgfcoreshade.code.tex 2025-08-29 v3.1.11a (3.1.11a)
\pgf@max=\dimen264
\pgf@sys@shading@range@num=\count322
\pgf@shadingcount=\count323
)
(C:\Users\Asus\miktex\tex/generic/pgf/basiclayer\pgfcoreimage.code.tex
File: pgfcoreimage.code.tex 2025-08-29 v3.1.11a (3.1.11a)
)
(C:\Users\Asus\miktex\tex/generic/pgf/basiclayer\pgfcoreexternal.code.tex
File: pgfcoreexternal.code.tex 2025-08-29 v3.1.11a (3.1.11a)
\pgfexternal@startupbox=\box61
)
(C:\Users\Asus\miktex\tex/generic/pgf/basiclayer\pgfcorelayers.code.tex
File: pgfcorelayers.code.tex 2025-08-29 v3.1.11a (3.1.11a)
)
(C:\Users\Asus\miktex\tex/generic/pgf/basiclayer\pgfcoretransparency.code.tex
File: pgfcoretransparency.code.tex 2025-08-29 v3.1.11a (3.1.11a)
)
(C:\Users\Asus\miktex\tex/generic/pgf/basiclayer\pgfcorepatterns.code.tex
File: pgfcorepatterns.code.tex 2025-08-29 v3.1.11a (3.1.11a)
)
(C:\Users\Asus\miktex\tex/generic/pgf/basiclayer\pgfcorerdf.code.tex
File: pgfcorerdf.code.tex 2025-08-29 v3.1.11a (3.1.11a)
)))
(C:\Users\Asus\miktex\tex/generic/pgf/modules\pgfmoduleshapes.code.tex
File: pgfmoduleshapes.code.tex 2025-08-29 v3.1.11a (3.1.11a)
\pgfnodeparttextbox=\box62
)
(C:\Users\Asus\miktex\tex/generic/pgf/modules\pgfmoduleplot.code.tex
File: pgfmoduleplot.code.tex 2025-08-29 v3.1.11a (3.1.11a)
)
(C:\Users\Asus\miktex\tex/latex/pgf/compatibility\pgfcomp-version-0-65.sty
Package: pgfcomp-version-0-65 2025-08-29 v3.1.11a (3.1.11a)
\pgf@nodesepstart=\dimen265
\pgf@nodesepend=\dimen266
)
(C:\Users\Asus\miktex\tex/latex/pgf/compatibility\pgfcomp-version-1-18.sty
Package: pgfcomp-version-1-18 2025-08-29 v3.1.11a (3.1.11a)
))
(C:\Users\Asus\miktex\tex/latex/pgf/utilities\pgffor.sty
(C:\Users\Asus\miktex\tex/latex/pgf/utilities\pgfkeys.sty
(C:\Users\Asus\miktex\tex/generic/pgf/utilities\pgfkeys.code.tex))
(C:\Users\Asus\miktex\tex/latex/pgf/math\pgfmath.sty
(C:\Users\Asus\miktex\tex/generic/pgf/math\pgfmath.code.tex))
(C:\Users\Asus\miktex\tex/generic/pgf/utilities\pgffor.code.tex
Package: pgffor 2025-08-29 v3.1.11a (3.1.11a)
\pgffor@iter=\dimen267
\pgffor@skip=\dimen268
\pgffor@stack=\toks36
\pgffor@toks=\toks37
))
(C:\Users\Asus\miktex\tex/generic/pgf/frontendlayer/tikz\tikz.code.tex
Package: tikz 2025-08-29 v3.1.11a (3.1.11a)

(C:\Users\Asus\miktex\tex/generic/pgf/libraries\pgflibraryplothandlers.code.tex
File: pgflibraryplothandlers.code.tex 2025-08-29 v3.1.11a (3.1.11a)
\pgf@plot@mark@count=\count324
\pgfplotmarksize=\dimen269
)
\tikz@lastx=\dimen270
\tikz@lasty=\dimen271
\tikz@lastxsaved=\dimen272
\tikz@lastysaved=\dimen273
\tikz@lastmovetox=\dimen274
\tikz@lastmovetoy=\dimen275
\tikzleveldistance=\dimen276
\tikzsiblingdistance=\dimen277
\tikz@figbox=\box63
\tikz@figbox@bg=\box64
\tikz@tempbox=\box65
\tikz@tempbox@bg=\box66
\tikztreelevel=\count325
\tikznumberofchildren=\count326
\tikznumberofcurrentchild=\count327
\tikz@fig@count=\count328
 (C:\Users\Asus\miktex\tex/generic/pgf/modules\pgfmodulematrix.code.tex
File: pgfmodulematrix.code.tex 2025-08-29 v3.1.11a (3.1.11a)
\pgfmatrixcurrentrow=\count329
\pgfmatrixcurrentcolumn=\count330
\pgf@matrix@numberofcolumns=\count331
)
\tikz@expandcount=\count332

(C:\Users\Asus\miktex\tex/generic/pgf/frontendlayer/tikz/libraries\tikzlibraryt
opaths.code.tex
File: tikzlibrarytopaths.code.tex 2025-08-29 v3.1.11a (3.1.11a)
)))
(C:\Users\Asus\miktex\tex/generic/pgf/frontendlayer/tikz/libraries\tikzlibrarys
hapes.geometric.code.tex
File: tikzlibraryshapes.geometric.code.tex 2025-08-29 v3.1.11a (3.1.11a)

(C:\Users\Asus\miktex\tex/generic/pgf/libraries/shapes\pgflibraryshapes.geometr
ic.code.tex
File: pgflibraryshapes.geometric.code.tex 2025-08-29 v3.1.11a (3.1.11a)
))
(C:\Users\Asus\miktex\tex/generic/pgf/frontendlayer/tikz/libraries\tikzlibraryc
alc.code.tex
File: tikzlibrarycalc.code.tex 2025-08-29 v3.1.11a (3.1.11a)
)
(C:\Users\Asus\miktex\tex/generic/pgf/frontendlayer/tikz/libraries\tikzlibraryp
ositioning.code.tex
File: tikzlibrarypositioning.code.tex 2025-08-29 v3.1.11a (3.1.11a)
)
(C:\Users\Asus\miktex\tex/generic/pgf/libraries\pgflibraryarrows.meta.code.tex
File: pgflibraryarrows.meta.code.tex 2025-08-29 v3.1.11a (3.1.11a)
\pgfarrowinset=\dimen278
\pgfarrowlength=\dimen279
\pgfarrowwidth=\dimen280
\pgfarrowlinewidth=\dimen281
)
(C:\Users\Asus\miktex\tex/generic/pgf/frontendlayer/tikz/libraries\tikzlibraryf
it.code.tex
File: tikzlibraryfit.code.tex 2025-08-29 v3.1.11a (3.1.11a)
)
(C:\Users\Asus\miktex\tex/generic/pgf/frontendlayer/tikz/libraries\tikzlibraryb
ackgrounds.code.tex
File: tikzlibrarybackgrounds.code.tex 2025-08-29 v3.1.11a (3.1.11a)
\pgf@layerbox@background=\box67
\pgf@layerboxsaved@background=\box68
) (C:\Users\Asus\miktex\tex/latex/pgfplots\pgfplots.sty
(C:\Users\Asus\miktex\tex/generic/pgfplots\pgfplots.revision.tex)
Package: pgfplots 2021/05/15 v1.18.1 Data Visualization (1.18.1)

(C:\Users\Asus\miktex\tex/generic/pgfplots\pgfplots.code.tex
(C:\Users\Asus\miktex\tex/generic/pgfplots\pgfplotscore.code.tex
\t@pgfplots@toka=\toks38
\t@pgfplots@tokb=\toks39
\t@pgfplots@tokc=\toks40
\pgfplots@tmpa=\dimen282
\c@pgfplots@coordindex=\count333
\c@pgfplots@scanlineindex=\count334

(C:\Users\Asus\miktex\tex/generic/pgfplots/sys\pgfplotssysgeneric.code.tex))
(C:\Users\Asus\miktex\tex/generic/pgfplots/libs\pgfplotslibrary.code.tex)
(C:\Users\Asus\miktex\tex/generic/pgfplots/oldpgfcompatib\pgfplotsoldpgfsupp_lo
ader.code.tex
(C:\Users\Asus\miktex\tex/generic/pgf/libraries\pgflibraryfpu.code.tex)
Package pgfplots: loading complementary utilities for your pgf version...
\t@pgf@toka=\toks41
\t@pgf@tokb=\toks42
\t@pgf@tokc=\toks43

(C:\Users\Asus\miktex\tex/generic/pgfplots/oldpgfcompatib\pgfplotsoldpgfsupp_pg
futil-common-lists.tex))
(C:\Users\Asus\miktex\tex/generic/pgfplots/util\pgfplotsutil.code.tex
(C:\Users\Asus\miktex\tex/generic/pgfplots/liststructure\pgfplotsliststructure.
code.tex)
(C:\Users\Asus\miktex\tex/generic/pgfplots/liststructure\pgfplotsliststructuree
xt.code.tex)
(C:\Users\Asus\miktex\tex/generic/pgfplots/liststructure\pgfplotsarray.code.tex
\c@pgfplotsarray@tmp=\count335
)
(C:\Users\Asus\miktex\tex/generic/pgfplots/liststructure\pgfplotsmatrix.code.te
x)
(C:\Users\Asus\miktex\tex/generic/pgfplots/numtable\pgfplotstableshared.code.te
x
\c@pgfplotstable@counta=\count336
\t@pgfplotstable@a=\toks44
)
(C:\Users\Asus\miktex\tex/generic/pgfplots/liststructure\pgfplotsdeque.code.tex
) (C:\Users\Asus\miktex\tex/generic/pgfplots/util\pgfplotsbinary.code.tex
(C:\Users\Asus\miktex\tex/generic/pgfplots/util\pgfplotsbinary.data.code.tex))
(C:\Users\Asus\miktex\tex/generic/pgfplots/util\pgfplotsutil.verb.code.tex)
(C:\Users\Asus\miktex\tex/generic/pgfplots/libs\pgflibrarypgfplots.surfshading.
code.tex
\c@pgfplotslibrarysurf@no=\count337

(C:\Users\Asus\miktex\tex/generic/pgfplots/sys\pgflibrarypgfplots.surfshading.p
gfsys-xetex.def
(C:\Users\Asus\miktex\tex/generic/pgfplots/sys\pgflibrarypgfplots.surfshading.p
gfsys-dvipdfmx.def
\c@pgfplotslibrarysurf@streamlen=\count338
))))
(C:\Users\Asus\miktex\tex/generic/pgfplots/util\pgfplotscolormap.code.tex
(C:\Users\Asus\miktex\tex/generic/pgfplots/util\pgfplotscolor.code.tex))
(C:\Users\Asus\miktex\tex/generic/pgfplots\pgfplotsstackedplots.code.tex)
(C:\Users\Asus\miktex\tex/generic/pgfplots\pgfplotsplothandlers.code.tex
(C:\Users\Asus\miktex\tex/generic/pgfplots\pgfplotsmeshplothandler.code.tex
(C:\Users\Asus\miktex\tex/generic/pgfplots\pgfplotsmeshplotimage.code.tex)))
(C:\Users\Asus\miktex\tex/generic/pgfplots\pgfplots.scaling.code.tex)
(C:\Users\Asus\miktex\tex/generic/pgfplots\pgfplotscoordprocessing.code.tex)
(C:\Users\Asus\miktex\tex/generic/pgfplots\pgfplots.errorbars.code.tex)
(C:\Users\Asus\miktex\tex/generic/pgfplots\pgfplots.markers.code.tex)
(C:\Users\Asus\miktex\tex/generic/pgfplots\pgfplotsticks.code.tex)
(C:\Users\Asus\miktex\tex/generic/pgfplots\pgfplots.paths.code.tex)
(C:\Users\Asus\miktex\tex/generic/pgf/frontendlayer/tikz/libraries\tikzlibraryd
ecorations.code.tex
(C:\Users\Asus\miktex\tex/generic/pgf/modules\pgfmoduledecorations.code.tex
\pgfdecoratedcompleteddistance=\dimen283
\pgfdecoratedremainingdistance=\dimen284
\pgfdecoratedinputsegmentcompleteddistance=\dimen285
\pgfdecoratedinputsegmentremainingdistance=\dimen286
\pgf@decorate@distancetomove=\dimen287
\pgf@decorate@repeatstate=\count339
\pgfdecorationsegmentamplitude=\dimen288
\pgfdecorationsegmentlength=\dimen289
)
\tikz@lib@dec@box=\box69
)
(C:\Users\Asus\miktex\tex/generic/pgf/frontendlayer/tikz/libraries\tikzlibraryd
ecorations.pathmorphing.code.tex
(C:\Users\Asus\miktex\tex/generic/pgf/libraries/decorations\pgflibrarydecoratio
ns.pathmorphing.code.tex))
(C:\Users\Asus\miktex\tex/generic/pgf/frontendlayer/tikz/libraries\tikzlibraryd
ecorations.pathreplacing.code.tex
(C:\Users\Asus\miktex\tex/generic/pgf/libraries/decorations\pgflibrarydecoratio
ns.pathreplacing.code.tex))
(C:\Users\Asus\miktex\tex/generic/pgfplots/libs\tikzlibrarypgfplots.contourlua.
code.tex)
\pgfplots@numplots=\count340
\pgfplots@xmin@reg=\dimen290
\pgfplots@xmax@reg=\dimen291
\pgfplots@ymin@reg=\dimen292
\pgfplots@ymax@reg=\dimen293
\pgfplots@zmin@reg=\dimen294
\pgfplots@zmax@reg=\dimen295
)
(C:\Users\Asus\miktex\tex/generic/pgf/frontendlayer/tikz/libraries\tikzlibraryp
lotmarks.code.tex
File: tikzlibraryplotmarks.code.tex 2025-08-29 v3.1.11a (3.1.11a)

(C:\Users\Asus\miktex\tex/generic/pgf/libraries\pgflibraryplotmarks.code.tex
File: pgflibraryplotmarks.code.tex 2025-08-29 v3.1.11a (3.1.11a)
))) (C:\Users\Asus\miktex\tex/latex/listings\listings.sty
\lst@mode=\count341
\lst@gtempboxa=\box70
\lst@token=\toks45
\lst@length=\count342
\lst@currlwidth=\dimen296
\lst@column=\count343
\lst@pos=\count344
\lst@lostspace=\dimen297
\lst@width=\dimen298
\lst@newlines=\count345
\lst@lineno=\count346
\lst@maxwidth=\dimen299

(C:\Users\Asus\miktex\tex/latex/listings\lstpatch.sty
File: lstpatch.sty 2025/11/14 1.11b (Carsten Heinz)
)
(C:\Users\Asus\miktex\tex/latex/listings\lstmisc.sty
File: lstmisc.sty 2025/11/14 1.11b (Carsten Heinz)
\c@lstnumber=\count347
\lst@skipnumbers=\count348
\lst@framebox=\box71
)
(C:\Users\Asus\miktex\tex/latex/listings\listings.cfg
File: listings.cfg 2025/11/14 1.11b listings configuration
))
Package: listings 2025/11/14 1.11b (Carsten Heinz)

==> First Aid for listings.sty no longer applied!
    Expected:
        2024/09/23 1.10c (Carsten Heinz)
    but found:
        2025/11/14 1.11b (Carsten Heinz)
    so I'm assuming it got fixed.
(C:\Users\Asus\miktex\tex/latex/algorithms\algorithm.sty
Invalid UTF-8 byte or sequence at line 11 replaced by U+FFFD.
Package: algorithm 2009/08/24 v0.1 Document Style `algorithm' - floating enviro
nment

(C:\Users\Asus\miktex\tex/latex/float\float.sty
Package: float 2001/11/08 v1.3d Float enhancements (AL)
\c@float@type=\count349
\float@exts=\toks46
\float@box=\box72
\@float@everytoks=\toks47
\@floatcapt=\box73
)
(C:\Users\Asus\miktex\tex/latex/base\ifthen.sty
Package: ifthen 2024/03/16 v1.1e Standard LaTeX ifthen package (DPC)
)
\@float@every@algorithm=\toks48
\c@algorithm=\count350
)
(C:\Users\Asus\miktex\tex/latex/algorithmicx\algpseudocode.sty
Package: algpseudocode 

(C:\Users\Asus\miktex\tex/latex/algorithmicx\algorithmicx.sty
Package: algorithmicx 2005/04/27 v1.2 Algorithmicx

Document Style algorithmicx 1.2 - a greatly improved `algorithmic' style
\c@ALG@line=\count351
\c@ALG@rem=\count352
\c@ALG@nested=\count353
\ALG@tlm=\skip55
\ALG@thistlm=\skip56
\c@ALG@Lnr=\count354
\c@ALG@blocknr=\count355
\c@ALG@storecount=\count356
\c@ALG@tmpcounter=\count357
\ALG@tmplength=\skip57
)
Document Style - pseudocode environments for use with the `algorithmicx' style
) (C:\Users\Asus\miktex\tex/latex/titlesec\titlesec.sty
Package: titlesec 2025/01/04 v2.17 Sectioning titles
\ttl@box=\box74
\beforetitleunit=\skip58
\aftertitleunit=\skip59
\ttl@plus=\dimen300
\ttl@minus=\dimen301
\ttl@toksa=\toks49
\titlewidth=\dimen302
\titlewidthlast=\dimen303
\titlewidthfirst=\dimen304
)
(C:\Users\Asus\miktex\tex/latex/booktabs\booktabs.sty
Package: booktabs 2020/01/12 v1.61803398 Publication quality tables
\heavyrulewidth=\dimen305
\lightrulewidth=\dimen306
\cmidrulewidth=\dimen307
\belowrulesep=\dimen308
\belowbottomsep=\dimen309
\aboverulesep=\dimen310
\abovetopsep=\dimen311
\cmidrulesep=\dimen312
\cmidrulekern=\dimen313
\defaultaddspace=\dimen314
\@cmidla=\count358
\@cmidlb=\count359
\@aboverulesep=\dimen315
\@belowrulesep=\dimen316
\@thisruleclass=\count360
\@lastruleclass=\count361
\@thisrulewidth=\dimen317
)
(C:\Users\Asus\miktex\tex/latex/caption\caption.sty
Package: caption 2023/08/05 v3.6o Customizing captions (AR)

(C:\Users\Asus\miktex\tex/latex/caption\caption3.sty
Package: caption3 2023/07/31 v2.4d caption3 kernel (AR)
\caption@tempdima=\dimen318
\captionmargin=\dimen319
\caption@leftmargin=\dimen320
\caption@rightmargin=\dimen321
\caption@width=\dimen322
\caption@indent=\dimen323
\caption@parindent=\dimen324
\caption@hangindent=\dimen325
Package caption Info: Standard document class detected.
)
\c@caption@flags=\count362
\c@continuedfloat=\count363
Package caption Info: float package is loaded.
Package caption Info: listings package is loaded.
)
(C:\Users\Asus\miktex\tex/latex/multirow\multirow.sty
Package: multirow 2024/11/12 v2.9 Span multiple rows of a table
\multirow@colwidth=\skip60
\multirow@cntb=\count364
\multirow@dima=\skip61
\bigstrutjot=\dimen326
)
(C:\Users\Asus\miktex\tex/latex/caption\subcaption.sty
Package: subcaption 2023/07/28 v1.6b Sub-captions (AR)
Package caption Info: New subtype `subfigure' on input line 238.
\c@subfigure=\count365
Package caption Info: New subtype `subtable' on input line 238.
\c@subtable=\count366
)
(C:\Users\Asus\miktex\tex/latex/enumitem\enumitem.sty
Package: enumitem 2025/02/06 v3.11 Customized lists
\labelindent=\skip62
\enit@outerparindent=\dimen327
\enit@toks=\toks50
\enit@inbox=\box75
\enit@count@id=\count367
\enitdp@description=\count368
)
(C:\Users\Asus\miktex\tex/latex/hyperref\hyperref.sty
Package: hyperref 2026-01-29 v7.01p Hypertext links for LaTeX

(C:\Users\Asus\miktex\tex/latex/kvsetkeys\kvsetkeys.sty
Package: kvsetkeys 2022-10-05 v1.19 Key value parser (HO)
)
(C:\Users\Asus\miktex\tex/generic/kvdefinekeys\kvdefinekeys.sty
Package: kvdefinekeys 2019-12-19 v1.6 Define keys (HO)
)
(C:\Users\Asus\miktex\tex/generic/pdfescape\pdfescape.sty
Package: pdfescape 2019/12/09 v1.15 Implements pdfTeX's escape features (HO)

(C:\Users\Asus\miktex\tex/generic/ltxcmds\ltxcmds.sty
Package: ltxcmds 2023-12-04 v1.26 LaTeX kernel commands for general use (HO)
)
(C:\Users\Asus\miktex\tex/generic/pdftexcmds\pdftexcmds.sty
Package: pdftexcmds 2020-06-27 v0.33 Utility functions of pdfTeX for LuaTeX (HO
)

(C:\Users\Asus\miktex\tex/generic/infwarerr\infwarerr.sty
Package: infwarerr 2019/12/03 v1.5 Providing info/warning/error messages (HO)
)
Package pdftexcmds Info: \pdf@primitive is available.
Package pdftexcmds Info: \pdf@ifprimitive is available.
Package pdftexcmds Info: \pdfdraftmode not found.
))
(C:\Users\Asus\miktex\tex/latex/hycolor\hycolor.sty
Package: hycolor 2020-01-27 v1.10 Color options for hyperref/bookmark (HO)
)
(C:\Users\Asus\miktex\tex/latex/hyperref\nameref.sty
Package: nameref 2026-01-29 v2.58 Cross-referencing by name of section

(C:\Users\Asus\miktex\tex/latex/refcount\refcount.sty
Package: refcount 2019/12/15 v3.6 Data extraction from label references (HO)
)
(C:\Users\Asus\miktex\tex/generic/gettitlestring\gettitlestring.sty
Package: gettitlestring 2019/12/15 v1.6 Cleanup title references (HO)

(C:\Users\Asus\miktex\tex/latex/kvoptions\kvoptions.sty
Package: kvoptions 2022-06-15 v3.15 Key value format for package options (HO)
))
\c@section@level=\count369
)
(C:\Users\Asus\miktex\tex/generic/stringenc\stringenc.sty
Package: stringenc 2019/11/29 v1.12 Convert strings between diff. encodings (HO
)
)
\@linkdim=\dimen328
\Hy@linkcounter=\count370
\Hy@pagecounter=\count371

(C:\Users\Asus\miktex\tex/latex/hyperref\pd1enc.def
File: pd1enc.def 2026-01-29 v7.01p Hyperref: PDFDocEncoding definition (HO)
)
(C:\Users\Asus\miktex\tex/generic/intcalc\intcalc.sty
Package: intcalc 2019/12/15 v1.3 Expandable calculations with integers (HO)
)
\Hy@SavedSpaceFactor=\count372

(C:\Users\Asus\miktex\tex/latex/hyperref\puenc.def
File: puenc.def 2026-01-29 v7.01p Hyperref: PDF Unicode definition (HO)
)
Package hyperref Info: Hyper figures OFF on input line 4201.
Package hyperref Info: Link nesting OFF on input line 4206.
Package hyperref Info: Hyper index ON on input line 4209.
Package hyperref Info: Plain pages OFF on input line 4216.
Package hyperref Info: Backreferencing OFF on input line 4221.
Package hyperref Info: Implicit mode ON; LaTeX internals redefined.
Package hyperref Info: Bookmarks ON on input line 4468.
\c@Hy@tempcnt=\count373

(C:\Users\Asus\miktex\tex/latex/url\url.sty
\Urlmuskip=\muskip18
Package: url 2013/09/16  ver 3.4  Verb mode for urls, etc.
)
LaTeX Info: Redefining \url on input line 4807.
\XeTeXLinkMargin=\dimen329

(C:\Users\Asus\miktex\tex/generic/bitset\bitset.sty
Package: bitset 2019/12/09 v1.3 Handle bit-vector datatype (HO)

(C:\Users\Asus\miktex\tex/generic/bigintcalc\bigintcalc.sty
Package: bigintcalc 2019/12/15 v1.5 Expandable calculations on big integers (HO
)
))
\Fld@menulength=\count374
\Field@Width=\dimen330
\Fld@charsize=\dimen331
Package hyperref Info: Hyper figures OFF on input line 6084.
Package hyperref Info: Link nesting OFF on input line 6089.
Package hyperref Info: Hyper index ON on input line 6092.
Package hyperref Info: backreferencing OFF on input line 6099.
Package hyperref Info: Link coloring OFF on input line 6104.
Package hyperref Info: Link coloring with OCG OFF on input line 6109.
Package hyperref Info: PDF/A mode OFF on input line 6114.
\Hy@abspage=\count375
\c@Item=\count376
\c@Hfootnote=\count377
)
Package hyperref Info: Driver (autodetected): hxetex.

(C:\Users\Asus\miktex\tex/latex/hyperref\hxetex.def
File: hxetex.def 2026-01-29 v7.01p Hyperref driver for XeTeX
\pdfm@box=\box76
\c@Hy@AnnotLevel=\count378
\HyField@AnnotCount=\count379
\Fld@listcount=\count380
\c@bookmark@seq@number=\count381

(C:\Users\Asus\miktex\tex/latex/rerunfilecheck\rerunfilecheck.sty
Package: rerunfilecheck 2025-06-21 v1.11 Rerun checks for auxiliary files (HO)

(C:\Users\Asus\miktex\tex/generic/uniquecounter\uniquecounter.sty
Package: uniquecounter 2019/12/15 v1.4 Provide unlimited unique counter (HO)
)
Package uniquecounter Info: New unique counter `rerunfilecheck' on input line 2
84.
)
\Hy@SectionHShift=\skip63
)
Package hyperref Info: Option `colorlinks' set `true' on input line 131.

(C:\Users\Asus\miktex\tex/latex/tocloft\tocloft.sty
Package: tocloft 2017/08/31 v2.3i parameterised ToC, etc., typesetting
Package tocloft Info: The document has section divisions on input line 51.
\cftparskip=\skip64
\cftbeforetoctitleskip=\skip65
\cftaftertoctitleskip=\skip66
\cftbeforepartskip=\skip67
\cftpartnumwidth=\skip68
\cftpartindent=\skip69
\cftbeforesecskip=\skip70
\cftsecindent=\skip71
\cftsecnumwidth=\skip72
\cftbeforesubsecskip=\skip73
\cftsubsecindent=\skip74
\cftsubsecnumwidth=\skip75
\cftbeforesubsubsecskip=\skip76
\cftsubsubsecindent=\skip77
\cftsubsubsecnumwidth=\skip78
\cftbeforeparaskip=\skip79
\cftparaindent=\skip80
\cftparanumwidth=\skip81
\cftbeforesubparaskip=\skip82
\cftsubparaindent=\skip83
\cftsubparanumwidth=\skip84
\cftbeforeloftitleskip=\skip85
\cftafterloftitleskip=\skip86
\cftbeforefigskip=\skip87
\cftfigindent=\skip88
\cftfignumwidth=\skip89
\c@lofdepth=\count382
\c@lotdepth=\count383
\cftbeforelottitleskip=\skip90
\cftafterlottitleskip=\skip91
\cftbeforetabskip=\skip92
\cfttabindent=\skip93
\cfttabnumwidth=\skip94
)
(C:\Users\Asus\miktex\tex/latex/parskip\parskip.sty
Package: parskip 2021-03-14 v2.0h non-zero parskip adjustments
) (main.aux)
\openout1 = `main.aux'.

LaTeX Font Info:    Checking defaults for OML/cmm/m/it on input line 142.
LaTeX Font Info:    ... okay on input line 142.
LaTeX Font Info:    Checking defaults for OMS/cmsy/m/n on input line 142.
LaTeX Font Info:    ... okay on input line 142.
LaTeX Font Info:    Checking defaults for OT1/cmr/m/n on input line 142.
LaTeX Font Info:    ... okay on input line 142.
LaTeX Font Info:    Checking defaults for T1/cmr/m/n on input line 142.
LaTeX Font Info:    ... okay on input line 142.
LaTeX Font Info:    Checking defaults for TS1/cmr/m/n on input line 142.
LaTeX Font Info:    ... okay on input line 142.
LaTeX Font Info:    Checking defaults for TU/lmr/m/n on input line 142.
LaTeX Font Info:    ... okay on input line 142.
LaTeX Font Info:    Checking defaults for OMX/cmex/m/n on input line 142.
LaTeX Font Info:    ... okay on input line 142.
LaTeX Font Info:    Checking defaults for U/cmr/m/n on input line 142.
LaTeX Font Info:    ... okay on input line 142.
LaTeX Font Info:    Checking defaults for PD1/pdf/m/n on input line 142.
LaTeX Font Info:    ... okay on input line 142.
LaTeX Font Info:    Checking defaults for PU/pdf/m/n on input line 142.
LaTeX Font Info:    ... okay on input line 142.

*geometry* driver: auto-detecting
*geometry* detected driver: xetex
*geometry* verbose mode - [ preamble ] result:
* driver: xetex
* paper: letterpaper
* layout: <same size as paper>
* layoutoffset:(h,v)=(0.0pt,0.0pt)
* modes: 
* h-part:(L,W,R)=(90.3375pt, 433.62001pt, 90.3375pt)
* v-part:(T,H,B)=(86.72377pt, 621.52245pt, 86.72377pt)
* \paperwidth=614.295pt
* \paperheight=794.96999pt
* \textwidth=433.62001pt
* \textheight=621.52245pt
* \oddsidemargin=18.0675pt
* \evensidemargin=18.0675pt
* \topmargin=-22.54622pt
* \headheight=12.0pt
* \headsep=25.0pt
* \topskip=11.0pt
* \footskip=30.0pt
* \marginparwidth=59.0pt
* \marginparsep=10.0pt
* \columnsep=10.0pt
* \skip\footins=10.0pt plus 4.0pt minus 2.0pt
* \hoffset=0.0pt
* \voffset=0.0pt
* \mag=1000
* \@twocolumnfalse
* \@twosidefalse
* \@mparswitchfalse
* \@reversemarginfalse
* (1in=72.27pt=25.4mm, 1cm=28.453pt)


Package fontspec Info: 
(fontspec)             Adjusting the maths setup (use [no-math] to avoid
(fontspec)             this).

\symlegacymaths=\mathgroup6
LaTeX Font Info:    Overwriting symbol font `legacymaths' in version `bold'
(Font)                  OT1/cmr/m/n --> OT1/cmr/bx/n on input line 142.
LaTeX Font Info:    Redeclaring math accent \acute on input line 142.
LaTeX Font Info:    Redeclaring math accent \grave on input line 142.
LaTeX Font Info:    Redeclaring math accent \ddot on input line 142.
LaTeX Font Info:    Redeclaring math accent \tilde on input line 142.
LaTeX Font Info:    Redeclaring math accent \bar on input line 142.
LaTeX Font Info:    Redeclaring math accent \breve on input line 142.
LaTeX Font Info:    Redeclaring math accent \check on input line 142.
LaTeX Font Info:    Redeclaring math accent \hat on input line 142.
LaTeX Font Info:    Redeclaring math accent \dot on input line 142.
LaTeX Font Info:    Redeclaring math accent \mathring on input line 142.
LaTeX Font Info:    Redeclaring math symbol \Gamma on input line 142.
LaTeX Font Info:    Redeclaring math symbol \Delta on input line 142.
LaTeX Font Info:    Redeclaring math symbol \Theta on input line 142.
LaTeX Font Info:    Redeclaring math symbol \Lambda on input line 142.
LaTeX Font Info:    Redeclaring math symbol \Xi on input line 142.
LaTeX Font Info:    Redeclaring math symbol \Pi on input line 142.
LaTeX Font Info:    Redeclaring math symbol \Sigma on input line 142.
LaTeX Font Info:    Redeclaring math symbol \Upsilon on input line 142.
LaTeX Font Info:    Redeclaring math symbol \Phi on input line 142.
LaTeX Font Info:    Redeclaring math symbol \Psi on input line 142.
LaTeX Font Info:    Redeclaring math symbol \Omega on input line 142.
LaTeX Font Info:    Redeclaring math symbol \mathdollar on input line 142.
LaTeX Font Info:    Redeclaring symbol font `operators' on input line 142.
LaTeX Font Info:    Encoding `OT1' has changed to `TU' for symbol font
(Font)              `operators' in the math version `normal' on input line 142.

LaTeX Font Info:    Overwriting symbol font `operators' in version `normal'
(Font)                  OT1/cmr/m/n --> TU/UberMoveMedium.otf(0)/m/n on input l
ine 142.
LaTeX Font Info:    Encoding `OT1' has changed to `TU' for symbol font
(Font)              `operators' in the math version `bold' on input line 142.
LaTeX Font Info:    Overwriting symbol font `operators' in version `bold'
(Font)                  OT1/cmr/bx/n --> TU/UberMoveMedium.otf(0)/m/n on input 
line 142.
LaTeX Font Info:    Overwriting symbol font `operators' in version `normal'
(Font)                  TU/UberMoveMedium.otf(0)/m/n --> TU/UberMoveMedium.otf(
0)/m/n on input line 142.
LaTeX Font Info:    Overwriting math alphabet `\mathit' in version `normal'
(Font)                  OT1/cmr/m/it --> TU/UberMoveMedium.otf(0)/m/it on input
 line 142.
LaTeX Font Info:    Overwriting math alphabet `\mathbf' in version `normal'
(Font)                  OT1/cmr/bx/n --> TU/UberMoveMedium.otf(0)/b/n on input 
line 142.
LaTeX Font Info:    Overwriting math alphabet `\mathsf' in version `normal'
(Font)                  OT1/cmss/m/n --> TU/UberMoveMedium.otf(0)/m/n on input 
line 142.
LaTeX Font Info:    Overwriting math alphabet `\mathtt' in version `normal'
(Font)                  OT1/cmtt/m/n --> TU/lmtt/m/n on input line 142.
LaTeX Font Info:    Overwriting symbol font `operators' in version `bold'
(Font)                  TU/UberMoveMedium.otf(0)/m/n --> TU/UberMoveMedium.otf(
0)/b/n on input line 142.
LaTeX Font Info:    Overwriting math alphabet `\mathit' in version `bold'
(Font)                  OT1/cmr/bx/it --> TU/UberMoveMedium.otf(0)/b/it on inpu
t line 142.
LaTeX Font Info:    Overwriting math alphabet `\mathsf' in version `bold'
(Font)                  OT1/cmss/bx/n --> TU/UberMoveMedium.otf(0)/b/n on input
 line 142.
LaTeX Font Info:    Overwriting math alphabet `\mathtt' in version `bold'
(Font)                  OT1/cmtt/m/n --> TU/lmtt/b/n on input line 142.
LaTeX Info: Redefining \microtypecontext on input line 142.
Package microtype Info: Applying patch `item' on input line 142.
Package microtype Info: Applying patch `toc' on input line 142.
Package microtype Info: Applying patch `eqnum' on input line 142.
Package microtype Info: Applying patch `footnote' on input line 142.
Package microtype Info: Applying patch `verbatim' on input line 142.
LaTeX Info: Redefining \microtypesetup on input line 142.
Package microtype Info: Character protrusion enabled (level 2).
Package microtype Info: Using default protrusion set `alltext'.
Package microtype Info: No adjustment of tracking.
Package microtype Info: No adjustment of spacing.
Package microtype Info: No adjustment of kerning.
Package microtype Info: Loading generic protrusion settings for font family
(microtype)             `UberMoveMedium.otf' (encoding: TU).
(microtype)             For optimal results, create family-specific settings.
(microtype)             See the microtype manual for details.
Package microtype Info: Character `"AD' is missing
(microtype)             in font `\TU/UberMoveMedium.otf(0)/m/n/10.95'.
(microtype)             Ignoring protrusion settings for this character.
Package pgfplots notification 'compat/show suggested version=true': document ha
s been generated with the most recent feature set (\pgfplotsset{compat=1.18}).

\c@lstlisting=\count384
Package caption Info: Begin \AtBeginDocument code.
Package caption Info: hyperref package is loaded.
Package caption Info: End \AtBeginDocument code.
Package hyperref Info: Link coloring ON on input line 142.
(main.out) (main.out)
\@outlinefile=\write4
\openout4 = `main.out'.

LaTeX Font Info:    Trying to load font information for U+msa on input line 163
.
 (C:\Users\Asus\miktex\tex/latex/amsfonts\umsa.fd
File: umsa.fd 2013/01/14 v3.01 AMS symbols A
)
(C:\Users\Asus\miktex\tex/latex/microtype\mt-msa.cfg
File: mt-msa.cfg 2006/02/04 v1.1 microtype config. file: AMS symbols (a) (RS)
)
LaTeX Font Info:    Trying to load font information for U+msb on input line 163
.

(C:\Users\Asus\miktex\tex/latex/amsfonts\umsb.fd
File: umsb.fd 2013/01/14 v3.01 AMS symbols B
)
(C:\Users\Asus\miktex\tex/latex/microtype\mt-msb.cfg
File: mt-msb.cfg 2005/06/01 v1.0 microtype config. file: AMS symbols (b) (RS)
)
(C:\Users\Asus\miktex\tex/latex/microtype\mt-cmr.cfg
File: mt-cmr.cfg 2013/05/19 v2.2 microtype config. file: Computer Modern Roman 
(RS)
) [1

] (main.toc
Underfull \hbox (badness 1077) in paragraph at lines 33--33
 [][] [][][][]\TU/UberMoveMedium.otf(0)/b/n/10.95 8. Efficient Hyperspectral Im
age Classification via Deterministic 3D Gabor 
 []

[1

])
\tf@toc=\write5
\openout5 = `main.toc'.

 [2]
Underfull \hbox (badness 1960) in paragraph at lines 217--218
\TU/UberMoveMedium.otf(0)/m/n/10.95 Google’s AI-based flood forecasting system 
in India has dispatched over 100 million
 []


Underfull \hbox (badness 1221) in paragraph at lines 217--218
\TU/UberMoveMedium.otf(0)/m/n/10.95 30% to 50% of flood-related damages. Simila
rly, in the financial and energy sectors,
 []


Underfull \hbox (badness 10000) in paragraph at lines 222--223
[]\TU/UberMoveMedium.otf(0)/m/n/10.95 Conversely, deep learning models—initiall
y LSTMs and GRUs, and more recently,
 []


Underfull \hbox (badness 10000) in paragraph at lines 222--223
\TU/UberMoveMedium.otf(0)/m/n/10.95 Transformer-based architectures like Inform
er and Autoformer—have achieved
 []


Underfull \hbox (badness 6944) in paragraph at lines 222--223
\TU/UberMoveMedium.otf(0)/m/n/10.95 State-of-the-Art (SOTA) accuracy. They hand
le complex dependencies over vast
 []


Underfull \hbox (badness 3407) in paragraph at lines 222--223
\TU/UberMoveMedium.otf(0)/m/n/10.95 shifts. When confronted with unmitigated hi
gh-frequency noise, standard attention
 []


Underfull \hbox (badness 2680) in paragraph at lines 222--223
\TU/UberMoveMedium.otf(0)/m/n/10.95 mechanisms often overfit to random fluctuat
ions, degrading the model’s forecasting
 []


Underfull \hbox (badness 1377) in paragraph at lines 222--223
\TU/UberMoveMedium.otf(0)/m/n/10.95 detail or clear reasoning, decision-makers 
are less likely to initiate costly, preventative
 []

[3

]
Underfull \hbox (badness 2932) in paragraph at lines 227--228
[]\TU/UberMoveMedium.otf(0)/m/n/10.95 The proposed architecture, the Wavelet Ro
uting Attention Transformer (PatchWRAT),
 []


Underfull \hbox (badness 1210) in paragraph at lines 227--228
\TU/UberMoveMedium.otf(0)/m/n/10.95 principles of classical digital signal proc
essing (DSP). Instead of treating a time series
 []


Underfull \hbox (badness 3792) in paragraph at lines 236--237
\TU/UberMoveMedium.otf(0)/m/n/10.95 routes the decomposed signals intelligently
. The low-frequency macro-trend is
 []


Underfull \hbox (badness 10000) in paragraph at lines 236--237
\TU/UberMoveMedium.otf(0)/m/n/10.95 the high-frequency component is processed t
hrough Frequency Sparse
 []


Underfull \hbox (badness 6284) in paragraph at lines 236--237
\TU/UberMoveMedium.otf(0)/m/n/10.95 Attention—utilizing a dynamically learned t
hreshold ($\OML/cmm/m/it/10.95 ^^\$\TU/UberMoveMedium.otf(0)/m/n/10.95 ) to mas
k out low-energy
 []

[4]
Underfull \hbox (badness 10000) in paragraph at lines 240--241
[]\TU/UberMoveMedium.otf(0)/m/n/10.95 Through comprehensive ablation studies on
 the benchmark ETTm1 dataset, we
 []


Underfull \hbox (badness 7869) in paragraph at lines 240--241
\TU/UberMoveMedium.otf(0)/m/n/10.95 demonstrate that PatchWRAT not only achieve
s highly competitive Mean Squared
 []

[5]
Underfull \hbox (badness 4205) in paragraph at lines 269--271
[]\TU/UberMoveMedium.otf(0)/m/n/10.95 This realization led to the development o
f Patch-based architectures, most notably
 []

[6]
Underfull \hbox (badness 1342) in paragraph at lines 284--285
[]\TU/UberMoveMedium.otf(0)/m/it/10.95 However, predefined wavelets are univers
ally optimal for no specific dataset. Recent
 []


Underfull \hbox (badness 2903) in paragraph at lines 284--285
\TU/UberMoveMedium.otf(0)/m/it/10.95 this premise, extending it by enforcing st
rict mathematical Orthogonality Constraints
 []

[7]
Underfull \hbox (badness 2080) in paragraph at lines 304--306
\TU/UberMoveMedium.otf(0)/m/it/10.95 layers with a stride of 2. This allows the
 network to dynamically adapt the spectral
 []

[8] [9]
File: images/arch/overall_arch.png Graphic file (type bmp)
<images/arch/overall_arch.png>
 [10] [11]
File: images/arch/learnable_dwt1d_high_level_view.png Graphic file (type bmp)
<images/arch/learnable_dwt1d_high_level_view.png>
File: images/arch/learnable_dwt1d_low_level_view.png Graphic file (type bmp)
<images/arch/learnable_dwt1d_low_level_view.png>
 [12] [13]
File: images/arch/WRATBlock-attention-routing.png Graphic file (type bmp)
<images/arch/WRATBlock-attention-routing.png>
 [14] [15] [16] [17]
Underfull \hbox (badness 2035) in paragraph at lines 482--483
\TU/UberMoveMedium.otf(0)/m/it/10.95 these comparisons by first evaluating perf
ormance strictly among Transformer-based
 []


Underfull \hbox (badness 10000) in paragraph at lines 482--483
\TU/UberMoveMedium.otf(0)/m/it/10.95 architectures, and subsequently across all
 modeling paradigms (including MLPs,
 []


Underfull \hbox (badness 10000) in paragraph at lines 482--483
\TU/UberMoveMedium.otf(0)/m/it/10.95 CNNs, and varied Linear variants). $[]$
 []


Underfull \hbox (badness 10000) in paragraph at lines 482--483
[]$
 []

[18]
Underfull \hbox (badness 1365) in paragraph at lines 560--561
\TU/UberMoveMedium.otf(0)/m/it/10.95 other Transformer-based architectures (Tab
le [][]2[][]), PatchWRAT is unquestionably the
 []

[19]
Underfull \hbox (badness 3623) in paragraph at lines 566--567
\TU/UberMoveMedium.otf(0)/m/it/10.95 at longer horizons during our ablation stu
dies (Section 7.2), we conduct a focused
 []


Underfull \hbox (badness 2529) in paragraph at lines 566--567
\TU/UberMoveMedium.otf(0)/m/it/10.95 competitive analysis. Here, we isolate the
 top-performing global models (PatchTST,
 []


Underfull \hbox (badness 1755) in paragraph at lines 604--605
\TU/UberMoveMedium.otf(0)/m/it/10.95 across longer horizons. By trading off mic
roscopic directional accuracy captured via
 []


Underfull \hbox (badness 3333) in paragraph at lines 604--605
\TU/UberMoveMedium.otf(0)/m/it/10.95 localized sparse thresholding, the model e
xhibits improved gross resilience on long
 []

[20]
Underfull \hbox (badness 10000) in paragraph at lines 636--636
[]\TU/UberMoveMedium.otf(0)/b/n/10.95 Typical Competitors (e.g.,
 []


Underfull \hbox (badness 10000) in paragraph at lines 636--636
[]\TU/UberMoveMedium.otf(0)/m/it/10.95 None / Standard $\OML/cmm/m/it/10.95 N\O
T1/cmr/m/n/10.95 /2$ \TU/UberMoveMedium.otf(0)/m/it/10.95 Nyquist
 []

[21] [22] [23]
Underfull \hbox (badness 1668) in paragraph at lines 680--681
\TU/UberMoveMedium.otf(0)/m/it/10.95 spatial geometry, preserving high-frequenc
y boundaries while preventing localized
 []

[24]
Package hyperref Info: bookmark level for unknown lstlisting defaults to 0 on i
nput line 734.
Package microtype Info: Loading generic protrusion settings for font family
(microtype)             `lmtt' (encoding: TU).
(microtype)             For optimal results, create family-specific settings.
(microtype)             See the microtype manual for details.
 [25] [26]
Underfull \hbox (badness 4726) in paragraph at lines 844--845
\TU/UberMoveMedium.otf(0)/m/it/10.95 dataset (8,556 holdout samples). Urban str
uctures typically confuse pure spectral
 []


Underfull \hbox (badness 1910) in paragraph at lines 844--845
\TU/UberMoveMedium.otf(0)/m/it/10.95 classifiers, but the depthwise spatial poo
ling successfully mapped pristine geometric
 []


Underfull \hbox (badness 3815) in paragraph at lines 844--845
\TU/UberMoveMedium.otf(0)/m/it/10.95 boundaries, yielding perfect F1-scores on 
heavily constrained classes like Meadows,
 []

[27] [28]
Underfull \hbox (badness 10000) in paragraph at lines 880--881
\TU/UberMoveMedium.otf(0)/m/it/10.95 This appendix provides randomly sampled mu
ltivariate forecasting visualisations
 []

File: images/preds/wrat_pred_H96_sample1.png Graphic file (type bmp)
<images/preds/wrat_pred_H96_sample1.png>
[29] [30]
File: images/preds/wrat_pred_H192_sample1.png Graphic file (type bmp)
<images/preds/wrat_pred_H192_sample1.png>
 [31

]
File: images/preds/wrat_pred_H336_sample1.png Graphic file (type bmp)
<images/preds/wrat_pred_H336_sample1.png>
 [32

]
File: images/preds/wrat_pred_H720_sample1.png Graphic file (type bmp)
<images/preds/wrat_pred_H720_sample1.png>
 [33

]
Underfull \hbox (badness 10000) in paragraph at lines 915--915
|\TU/UberMoveMedium.otf(0)/b/n/14.4 Appendix B: Supplementary Performance Visua
lizations
 []

File: ../report/plots-old/attention/H192_tau_bar.png Graphic file (type bmp)
<../report/plots-old/attention/H192_tau_bar.png>
File: ../report/plots-old/attention/H192_wrat_attn.png Graphic file (type bmp)
<../report/plots-old/attention/H192_wrat_attn.png>
File: ../report/plots-old/attention/H336_tau_bar.png Graphic file (type bmp)
<../report/plots-old/attention/H336_tau_bar.png>
File: ../report/plots-old/attention/H336_wrat_attn.png Graphic file (type bmp)
<../report/plots-old/attention/H336_wrat_attn.png>
File: ../report/plots-old/attention/H720_tau_bar.png Graphic file (type bmp)
<../report/plots-old/attention/H720_tau_bar.png>
File: ../report/plots-old/attention/H720_wrat_attn.png Graphic file (type bmp)
<../report/plots-old/attention/H720_wrat_attn.png>
File: ../report/plots-old/attention/H96_tau_bar.png Graphic file (type bmp)
<../report/plots-old/attention/H96_tau_bar.png>
File: ../report/plots-old/attention/H96_wrat_attn.png Graphic file (type bmp)
<../report/plots-old/attention/H96_wrat_attn.png>
[34

]
File: ../report/plots-old/benchmarks/H192_spectral.png Graphic file (type bmp)
<../report/plots-old/benchmarks/H192_spectral.png>
File: ../report/plots-old/benchmarks/H336_spectral.png Graphic file (type bmp)
<../report/plots-old/benchmarks/H336_spectral.png>
File: ../report/plots-old/benchmarks/H720_spectral.png Graphic file (type bmp)
<../report/plots-old/benchmarks/H720_spectral.png>
File: ../report/plots-old/benchmarks/H96_spectral.png Graphic file (type bmp)
<../report/plots-old/benchmarks/H96_spectral.png>
File: ../report/plots-old/benchmarks/all_horizons_summary.png Graphic file (typ
e bmp)
<../report/plots-old/benchmarks/all_horizons_summary.png>
File: ../report/plots-old/benchmarks/final_mae_bar.png Graphic file (type bmp)
<../report/plots-old/benchmarks/final_mae_bar.png>
File: ../report/plots-old/benchmarks/final_mse_bar.png Graphic file (type bmp)
<../report/plots-old/benchmarks/final_mse_bar.png>
File: ../report/plots-old/benchmarks/sota_comparison.png Graphic file (type bmp
)
<../report/plots-old/benchmarks/sota_comparison.png>
 [35

] [36]
File: ../report/plots-old/filters/H192_dwt_filters.png Graphic file (type bmp)
<../report/plots-old/filters/H192_dwt_filters.png>
File: ../report/plots-old/filters/H192_filter_evolution.png Graphic file (type 
bmp)
<../report/plots-old/filters/H192_filter_evolution.png>
File: ../report/plots-old/filters/H192_filter_spectrum.png Graphic file (type b
mp)
<../report/plots-old/filters/H192_filter_spectrum.png>
File: ../report/plots-old/filters/H192_filter_stats.png Graphic file (type bmp)

<../report/plots-old/filters/H192_filter_stats.png>
File: ../report/plots-old/filters/H336_dwt_filters.png Graphic file (type bmp)
<../report/plots-old/filters/H336_dwt_filters.png>
File: ../report/plots-old/filters/H336_filter_evolution.png Graphic file (type 
bmp)
<../report/plots-old/filters/H336_filter_evolution.png>
File: ../report/plots-old/filters/H336_filter_spectrum.png Graphic file (type b
mp)
<../report/plots-old/filters/H336_filter_spectrum.png>
File: ../report/plots-old/filters/H336_filter_stats.png Graphic file (type bmp)

<../report/plots-old/filters/H336_filter_stats.png>
File: ../report/plots-old/filters/H720_dwt_filters.png Graphic file (type bmp)
<../report/plots-old/filters/H720_dwt_filters.png>
File: ../report/plots-old/filters/H720_filter_evolution.png Graphic file (type 
bmp)
<../report/plots-old/filters/H720_filter_evolution.png>
File: ../report/plots-old/filters/H720_filter_spectrum.png Graphic file (type b
mp)
<../report/plots-old/filters/H720_filter_spectrum.png>
File: ../report/plots-old/filters/H720_filter_stats.png Graphic file (type bmp)

<../report/plots-old/filters/H720_filter_stats.png>
File: ../report/plots-old/filters/H96_dwt_filters.png Graphic file (type bmp)
<../report/plots-old/filters/H96_dwt_filters.png>
File: ../report/plots-old/filters/H96_filter_evolution.png Graphic file (type b
mp)
<../report/plots-old/filters/H96_filter_evolution.png>
 [37

]
File: ../report/plots-old/filters/H96_filter_spectrum.png Graphic file (type bm
p)
<../report/plots-old/filters/H96_filter_spectrum.png>
File: ../report/plots-old/filters/H96_filter_stats.png Graphic file (type bmp)
<../report/plots-old/filters/H96_filter_stats.png>
File: ../report/plots-old/filters/all_horizons_filter_norms.png Graphic file (t
ype bmp)
<../report/plots-old/filters/all_horizons_filter_norms.png>
 [38]
File: ../report/plots-old/learning_curves/H192_curves.png Graphic file (type bm
p)
<../report/plots-old/learning_curves/H192_curves.png>
File: ../report/plots-old/learning_curves/H336_curves.png Graphic file (type bm
p)
<../report/plots-old/learning_curves/H336_curves.png>
File: ../report/plots-old/learning_curves/H720_curves.png Graphic file (type bm
p)
<../report/plots-old/learning_curves/H720_curves.png>
File: ../report/plots-old/learning_curves/H96_curves.png Graphic file (type bmp
)
<../report/plots-old/learning_curves/H96_curves.png>
File: ../report/plots-old/learning_curves/all_horizons_summary.png Graphic file
 (type bmp)
<../report/plots-old/learning_curves/all_horizons_summary.png>
 [39

]
File: ../report/plots-old/variate_graph/H192_adjacency.png Graphic file (type b
mp)
<../report/plots-old/variate_graph/H192_adjacency.png>
File: ../report/plots-old/variate_graph/H192_variate_attn.png Graphic file (typ
e bmp)
<../report/plots-old/variate_graph/H192_variate_attn.png>
File: ../report/plots-old/variate_graph/H336_adjacency.png Graphic file (type b
mp)
<../report/plots-old/variate_graph/H336_adjacency.png>
File: ../report/plots-old/variate_graph/H336_variate_attn.png Graphic file (typ
e bmp)
<../report/plots-old/variate_graph/H336_variate_attn.png>
File: ../report/plots-old/variate_graph/H720_adjacency.png Graphic file (type b
mp)
<../report/plots-old/variate_graph/H720_adjacency.png>
File: ../report/plots-old/variate_graph/H720_variate_attn.png Graphic file (typ
e bmp)
<../report/plots-old/variate_graph/H720_variate_attn.png>
File: ../report/plots-old/variate_graph/H96_adjacency.png Graphic file (type bm
p)
<../report/plots-old/variate_graph/H96_adjacency.png>
File: ../report/plots-old/variate_graph/H96_variate_attn.png Graphic file (type
 bmp)
<../report/plots-old/variate_graph/H96_variate_attn.png>
File: ../report/plots-old/variate_graph/correlation_vs_learned.png Graphic file
 (type bmp)
<../report/plots-old/variate_graph/correlation_vs_learned.png>
 [40

] [41]
File: ../report/plots-old/predictions/H96/all_variates_grid.png Graphic file (t
ype bmp)
<../report/plots-old/predictions/H96/all_variates_grid.png>
File: ../report/plots-old/predictions/H96/horizon_error_profile.png Graphic fil
e (type bmp)
<../report/plots-old/predictions/H96/horizon_error_profile.png>
File: ../report/plots-old/predictions/H96/residuals.png Graphic file (type bmp)

<../report/plots-old/predictions/H96/residuals.png>
 [42

]
File: ../report/plots-old/predictions/H96/variate_0_HUFL_sample0.png Graphic fi
le (type bmp)
<../report/plots-old/predictions/H96/variate_0_HUFL_sample0.png>
File: ../report/plots-old/predictions/H96/variate_0_HUFL_sample1.png Graphic fi
le (type bmp)
<../report/plots-old/predictions/H96/variate_0_HUFL_sample1.png>
File: ../report/plots-old/predictions/H96/variate_0_HUFL_sample2.png Graphic fi
le (type bmp)
<../report/plots-old/predictions/H96/variate_0_HUFL_sample2.png>
File: ../report/plots-old/predictions/H96/variate_1_HULL_sample0.png Graphic fi
le (type bmp)
<../report/plots-old/predictions/H96/variate_1_HULL_sample0.png>
File: ../report/plots-old/predictions/H96/variate_1_HULL_sample1.png Graphic fi
le (type bmp)
<../report/plots-old/predictions/H96/variate_1_HULL_sample1.png>
File: ../report/plots-old/predictions/H96/variate_1_HULL_sample2.png Graphic fi
le (type bmp)
<../report/plots-old/predictions/H96/variate_1_HULL_sample2.png>
File: ../report/plots-old/predictions/H96/variate_2_MUFL_sample0.png Graphic fi
le (type bmp)
<../report/plots-old/predictions/H96/variate_2_MUFL_sample0.png>
File: ../report/plots-old/predictions/H96/variate_2_MUFL_sample1.png Graphic fi
le (type bmp)
<../report/plots-old/predictions/H96/variate_2_MUFL_sample1.png>
File: ../report/plots-old/predictions/H96/variate_2_MUFL_sample2.png Graphic fi
le (type bmp)
<../report/plots-old/predictions/H96/variate_2_MUFL_sample2.png>
File: ../report/plots-old/predictions/H96/variate_3_MULL_sample0.png Graphic fi
le (type bmp)
<../report/plots-old/predictions/H96/variate_3_MULL_sample0.png>
File: ../report/plots-old/predictions/H96/variate_3_MULL_sample1.png Graphic fi
le (type bmp)
<../report/plots-old/predictions/H96/variate_3_MULL_sample1.png>
File: ../report/plots-old/predictions/H96/variate_3_MULL_sample2.png Graphic fi
le (type bmp)
<../report/plots-old/predictions/H96/variate_3_MULL_sample2.png>
 [43]
File: ../report/plots-old/predictions/H96/variate_4_LUFL_sample0.png Graphic fi
le (type bmp)
<../report/plots-old/predictions/H96/variate_4_LUFL_sample0.png>
File: ../report/plots-old/predictions/H96/variate_4_LUFL_sample1.png Graphic fi
le (type bmp)
<../report/plots-old/predictions/H96/variate_4_LUFL_sample1.png>
File: ../report/plots-old/predictions/H96/variate_4_LUFL_sample2.png Graphic fi
le (type bmp)
<../report/plots-old/predictions/H96/variate_4_LUFL_sample2.png>
File: ../report/plots-old/predictions/H96/variate_5_LULL_sample0.png Graphic fi
le (type bmp)
<../report/plots-old/predictions/H96/variate_5_LULL_sample0.png>
File: ../report/plots-old/predictions/H96/variate_5_LULL_sample1.png Graphic fi
le (type bmp)
<../report/plots-old/predictions/H96/variate_5_LULL_sample1.png>
File: ../report/plots-old/predictions/H96/variate_5_LULL_sample2.png Graphic fi
le (type bmp)
<../report/plots-old/predictions/H96/variate_5_LULL_sample2.png>
File: ../report/plots-old/predictions/H96/variate_6_OT_sample0.png Graphic file
 (type bmp)
<../report/plots-old/predictions/H96/variate_6_OT_sample0.png>
File: ../report/plots-old/predictions/H96/variate_6_OT_sample1.png Graphic file
 (type bmp)
<../report/plots-old/predictions/H96/variate_6_OT_sample1.png>
File: ../report/plots-old/predictions/H96/variate_6_OT_sample2.png Graphic file
 (type bmp)
<../report/plots-old/predictions/H96/variate_6_OT_sample2.png>
 [44]
File: ../report/plots-old/predictions/H192/all_variates_grid.png Graphic file (
type bmp)
<../report/plots-old/predictions/H192/all_variates_grid.png>
File: ../report/plots-old/predictions/H192/horizon_error_profile.png Graphic fi
le (type bmp)
<../report/plots-old/predictions/H192/horizon_error_profile.png>
File: ../report/plots-old/predictions/H192/residuals.png Graphic file (type bmp
)
<../report/plots-old/predictions/H192/residuals.png>
File: ../report/plots-old/predictions/H192/variate_0_HUFL_sample0.png Graphic f
ile (type bmp)
<../report/plots-old/predictions/H192/variate_0_HUFL_sample0.png>
File: ../report/plots-old/predictions/H192/variate_0_HUFL_sample1.png Graphic f
ile (type bmp)
<../report/plots-old/predictions/H192/variate_0_HUFL_sample1.png>
File: ../report/plots-old/predictions/H192/variate_0_HUFL_sample2.png Graphic f
ile (type bmp)
<../report/plots-old/predictions/H192/variate_0_HUFL_sample2.png>
 [45

]
File: ../report/plots-old/predictions/H192/variate_1_HULL_sample0.png Graphic f
ile (type bmp)
<../report/plots-old/predictions/H192/variate_1_HULL_sample0.png>
File: ../report/plots-old/predictions/H192/variate_1_HULL_sample1.png Graphic f
ile (type bmp)
<../report/plots-old/predictions/H192/variate_1_HULL_sample1.png>
File: ../report/plots-old/predictions/H192/variate_1_HULL_sample2.png Graphic f
ile (type bmp)
<../report/plots-old/predictions/H192/variate_1_HULL_sample2.png>
File: ../report/plots-old/predictions/H192/variate_2_MUFL_sample0.png Graphic f
ile (type bmp)
<../report/plots-old/predictions/H192/variate_2_MUFL_sample0.png>
File: ../report/plots-old/predictions/H192/variate_2_MUFL_sample1.png Graphic f
ile (type bmp)
<../report/plots-old/predictions/H192/variate_2_MUFL_sample1.png>
File: ../report/plots-old/predictions/H192/variate_2_MUFL_sample2.png Graphic f
ile (type bmp)
<../report/plots-old/predictions/H192/variate_2_MUFL_sample2.png>
File: ../report/plots-old/predictions/H192/variate_3_MULL_sample0.png Graphic f
ile (type bmp)
<../report/plots-old/predictions/H192/variate_3_MULL_sample0.png>
File: ../report/plots-old/predictions/H192/variate_3_MULL_sample1.png Graphic f
ile (type bmp)
<../report/plots-old/predictions/H192/variate_3_MULL_sample1.png>
File: ../report/plots-old/predictions/H192/variate_3_MULL_sample2.png Graphic f
ile (type bmp)
<../report/plots-old/predictions/H192/variate_3_MULL_sample2.png>
File: ../report/plots-old/predictions/H192/variate_4_LUFL_sample0.png Graphic f
ile (type bmp)
<../report/plots-old/predictions/H192/variate_4_LUFL_sample0.png>
File: ../report/plots-old/predictions/H192/variate_4_LUFL_sample1.png Graphic f
ile (type bmp)
<../report/plots-old/predictions/H192/variate_4_LUFL_sample1.png>
File: ../report/plots-old/predictions/H192/variate_4_LUFL_sample2.png Graphic f
ile (type bmp)
<../report/plots-old/predictions/H192/variate_4_LUFL_sample2.png>
File: ../report/plots-old/predictions/H192/variate_5_LULL_sample0.png Graphic f
ile (type bmp)
<../report/plots-old/predictions/H192/variate_5_LULL_sample0.png>
File: ../report/plots-old/predictions/H192/variate_5_LULL_sample1.png Graphic f
ile (type bmp)
<../report/plots-old/predictions/H192/variate_5_LULL_sample1.png>
File: ../report/plots-old/predictions/H192/variate_5_LULL_sample2.png Graphic f
ile (type bmp)
<../report/plots-old/predictions/H192/variate_5_LULL_sample2.png>
 [46]
File: ../report/plots-old/predictions/H192/variate_6_OT_sample0.png Graphic fil
e (type bmp)
<../report/plots-old/predictions/H192/variate_6_OT_sample0.png>
File: ../report/plots-old/predictions/H192/variate_6_OT_sample1.png Graphic fil
e (type bmp)
<../report/plots-old/predictions/H192/variate_6_OT_sample1.png>
File: ../report/plots-old/predictions/H192/variate_6_OT_sample2.png Graphic fil
e (type bmp)
<../report/plots-old/predictions/H192/variate_6_OT_sample2.png>
 [47]
File: ../report/plots-old/predictions/H336/all_variates_grid.png Graphic file (
type bmp)
<../report/plots-old/predictions/H336/all_variates_grid.png>
File: ../report/plots-old/predictions/H336/horizon_error_profile.png Graphic fi
le (type bmp)
<../report/plots-old/predictions/H336/horizon_error_profile.png>
File: ../report/plots-old/predictions/H336/residuals.png Graphic file (type bmp
)
<../report/plots-old/predictions/H336/residuals.png>
File: ../report/plots-old/predictions/H336/variate_0_HUFL_sample0.png Graphic f
ile (type bmp)
<../report/plots-old/predictions/H336/variate_0_HUFL_sample0.png>
File: ../report/plots-old/predictions/H336/variate_0_HUFL_sample1.png Graphic f
ile (type bmp)
<../report/plots-old/predictions/H336/variate_0_HUFL_sample1.png>
File: ../report/plots-old/predictions/H336/variate_0_HUFL_sample2.png Graphic f
ile (type bmp)
<../report/plots-old/predictions/H336/variate_0_HUFL_sample2.png>
 [48

]
File: ../report/plots-old/predictions/H336/variate_1_HULL_sample0.png Graphic f
ile (type bmp)
<../report/plots-old/predictions/H336/variate_1_HULL_sample0.png>
File: ../report/plots-old/predictions/H336/variate_1_HULL_sample1.png Graphic f
ile (type bmp)
<../report/plots-old/predictions/H336/variate_1_HULL_sample1.png>
File: ../report/plots-old/predictions/H336/variate_1_HULL_sample2.png Graphic f
ile (type bmp)
<../report/plots-old/predictions/H336/variate_1_HULL_sample2.png>
File: ../report/plots-old/predictions/H336/variate_2_MUFL_sample0.png Graphic f
ile (type bmp)
<../report/plots-old/predictions/H336/variate_2_MUFL_sample0.png>
File: ../report/plots-old/predictions/H336/variate_2_MUFL_sample1.png Graphic f
ile (type bmp)
<../report/plots-old/predictions/H336/variate_2_MUFL_sample1.png>
File: ../report/plots-old/predictions/H336/variate_2_MUFL_sample2.png Graphic f
ile (type bmp)
<../report/plots-old/predictions/H336/variate_2_MUFL_sample2.png>
File: ../report/plots-old/predictions/H336/variate_3_MULL_sample0.png Graphic f
ile (type bmp)
<../report/plots-old/predictions/H336/variate_3_MULL_sample0.png>
File: ../report/plots-old/predictions/H336/variate_3_MULL_sample1.png Graphic f
ile (type bmp)
<../report/plots-old/predictions/H336/variate_3_MULL_sample1.png>
File: ../report/plots-old/predictions/H336/variate_3_MULL_sample2.png Graphic f
ile (type bmp)
<../report/plots-old/predictions/H336/variate_3_MULL_sample2.png>
File: ../report/plots-old/predictions/H336/variate_4_LUFL_sample0.png Graphic f
ile (type bmp)
<../report/plots-old/predictions/H336/variate_4_LUFL_sample0.png>
File: ../report/plots-old/predictions/H336/variate_4_LUFL_sample1.png Graphic f
ile (type bmp)
<../report/plots-old/predictions/H336/variate_4_LUFL_sample1.png>
File: ../report/plots-old/predictions/H336/variate_4_LUFL_sample2.png Graphic f
ile (type bmp)
<../report/plots-old/predictions/H336/variate_4_LUFL_sample2.png>
File: ../report/plots-old/predictions/H336/variate_5_LULL_sample0.png Graphic f
ile (type bmp)
<../report/plots-old/predictions/H336/variate_5_LULL_sample0.png>
File: ../report/plots-old/predictions/H336/variate_5_LULL_sample1.png Graphic f
ile (type bmp)
<../report/plots-old/predictions/H336/variate_5_LULL_sample1.png>
File: ../report/plots-old/predictions/H336/variate_5_LULL_sample2.png Graphic f
ile (type bmp)
<../report/plots-old/predictions/H336/variate_5_LULL_sample2.png>

[49]
File: ../report/plots-old/predictions/H336/variate_6_OT_sample0.png Graphic fil
e (type bmp)
<../report/plots-old/predictions/H336/variate_6_OT_sample0.png>
File: ../report/plots-old/predictions/H336/variate_6_OT_sample1.png Graphic fil
e (type bmp)
<../report/plots-old/predictions/H336/variate_6_OT_sample1.png>
File: ../report/plots-old/predictions/H336/variate_6_OT_sample2.png Graphic fil
e (type bmp)
<../report/plots-old/predictions/H336/variate_6_OT_sample2.png>
 [50]
File: ../report/plots-old/predictions/H720/all_variates_grid.png Graphic file (
type bmp)
<../report/plots-old/predictions/H720/all_variates_grid.png>
File: ../report/plots-old/predictions/H720/horizon_error_profile.png Graphic fi
le (type bmp)
<../report/plots-old/predictions/H720/horizon_error_profile.png>
File: ../report/plots-old/predictions/H720/residuals.png Graphic file (type bmp
)
<../report/plots-old/predictions/H720/residuals.png>
File: ../report/plots-old/predictions/H720/variate_0_HUFL_sample0.png Graphic f
ile (type bmp)
<../report/plots-old/predictions/H720/variate_0_HUFL_sample0.png>
File: ../report/plots-old/predictions/H720/variate_0_HUFL_sample1.png Graphic f
ile (type bmp)
<../report/plots-old/predictions/H720/variate_0_HUFL_sample1.png>
File: ../report/plots-old/predictions/H720/variate_0_HUFL_sample2.png Graphic f
ile (type bmp)
<../report/plots-old/predictions/H720/variate_0_HUFL_sample2.png>
 [51

]
File: ../report/plots-old/predictions/H720/variate_1_HULL_sample0.png Graphic f
ile (type bmp)
<../report/plots-old/predictions/H720/variate_1_HULL_sample0.png>
File: ../report/plots-old/predictions/H720/variate_1_HULL_sample1.png Graphic f
ile (type bmp)
<../report/plots-old/predictions/H720/variate_1_HULL_sample1.png>
File: ../report/plots-old/predictions/H720/variate_1_HULL_sample2.png Graphic f
ile (type bmp)
<../report/plots-old/predictions/H720/variate_1_HULL_sample2.png>
File: ../report/plots-old/predictions/H720/variate_2_MUFL_sample0.png Graphic f
ile (type bmp)
<../report/plots-old/predictions/H720/variate_2_MUFL_sample0.png>
File: ../report/plots-old/predictions/H720/variate_2_MUFL_sample1.png Graphic f
ile (type bmp)
<../report/plots-old/predictions/H720/variate_2_MUFL_sample1.png>
File: ../report/plots-old/predictions/H720/variate_2_MUFL_sample2.png Graphic f
ile (type bmp)
<../report/plots-old/predictions/H720/variate_2_MUFL_sample2.png>
File: ../report/plots-old/predictions/H720/variate_3_MULL_sample0.png Graphic f
ile (type bmp)
<../report/plots-old/predictions/H720/variate_3_MULL_sample0.png>
File: ../report/plots-old/predictions/H720/variate_3_MULL_sample1.png Graphic f
ile (type bmp)
<../report/plots-old/predictions/H720/variate_3_MULL_sample1.png>
File: ../report/plots-old/predictions/H720/variate_3_MULL_sample2.png Graphic f
ile (type bmp)
<../report/plots-old/predictions/H720/variate_3_MULL_sample2.png>
File: ../report/plots-old/predictions/H720/variate_4_LUFL_sample0.png Graphic f
ile (type bmp)
<../report/plots-old/predictions/H720/variate_4_LUFL_sample0.png>
File: ../report/plots-old/predictions/H720/variate_4_LUFL_sample1.png Graphic f
ile (type bmp)
<../report/plots-old/predictions/H720/variate_4_LUFL_sample1.png>
File: ../report/plots-old/predictions/H720/variate_4_LUFL_sample2.png Graphic f
ile (type bmp)
<../report/plots-old/predictions/H720/variate_4_LUFL_sample2.png>
 [52]
File: ../report/plots-old/predictions/H720/variate_5_LULL_sample0.png Graphic f
ile (type bmp)
<../report/plots-old/predictions/H720/variate_5_LULL_sample0.png>
File: ../report/plots-old/predictions/H720/variate_5_LULL_sample1.png Graphic f
ile (type bmp)
<../report/plots-old/predictions/H720/variate_5_LULL_sample1.png>
File: ../report/plots-old/predictions/H720/variate_5_LULL_sample2.png Graphic f
ile (type bmp)
<../report/plots-old/predictions/H720/variate_5_LULL_sample2.png>
File: ../report/plots-old/predictions/H720/variate_6_OT_sample0.png Graphic fil
e (type bmp)
<../report/plots-old/predictions/H720/variate_6_OT_sample0.png>
File: ../report/plots-old/predictions/H720/variate_6_OT_sample1.png Graphic fil
e (type bmp)
<../report/plots-old/predictions/H720/variate_6_OT_sample1.png>
File: ../report/plots-old/predictions/H720/variate_6_OT_sample2.png Graphic fil
e (type bmp)
<../report/plots-old/predictions/H720/variate_6_OT_sample2.png>
 [53] (main.aux)
 ***********
LaTeX2e <2025-11-01>
L3 programming layer <2026-01-19>
 ***********


LaTeX Warning: Label(s) may have changed. Rerun to get cross-references right.

Package rerunfilecheck Info: File `main.out' has not changed.
(rerunfilecheck)             Checksum: 44B0375D3492CB5F2D16D5AEC203D1D4;11075.
 ) 
Here is how much of TeX's memory you used:
 41660 strings out of 402983
 1013471 string characters out of 5453450
 1594097 words of memory out of 5000000
 69723 multiletter control sequences out of 15000+600000
 636237 words of font info for 106 fonts, out of 8000000 for 9000
 1348 hyphenation exceptions out of 8191
 102i,13n,107p,1195b,2117s stack positions out of 10000i,1000n,20000p,200000b,200000s

Output written on main.pdf (54 pages).
