\BOOKMARK [1][-]{section.1}{\376\377\0001\000.\000\040\000I\000n\000t\000r\000o\000d\000u\000c\000t\000i\000o\000n}{}% 1
\BOOKMARK [2][-]{subsection.1.1}{\376\377\0001\000.\0001\000\040\000T\000h\000e\000\040\000C\000r\000i\000t\000i\000c\000a\000l\000\040\000N\000e\000e\000d\000\040\000f\000o\000r\000\040\000P\000r\000o\000a\000c\000t\000i\000v\000e\000\040\000D\000e\000c\000i\000s\000i\000o\000n\000-\000M\000a\000k\000i\000n\000g}{section.1}% 2
\BOOKMARK [2][-]{subsection.1.2}{\376\377\0001\000.\0002\000\040\000L\000i\000m\000i\000t\000a\000t\000i\000o\000n\000s\000\040\000o\000f\000\040\000C\000u\000r\000r\000e\000n\000t\000\040\000S\000t\000a\000t\000e\000-\000o\000f\000-\000t\000h\000e\000-\000A\000r\000t\000\040\000A\000r\000c\000h\000i\000t\000e\000c\000t\000u\000r\000e\000s}{section.1}% 3
\BOOKMARK [2][-]{subsection.1.3}{\376\377\0001\000.\0003\000\040\000C\000o\000r\000e\000\040\000P\000h\000i\000l\000o\000s\000o\000p\000h\000y\000:\000\040\000B\000r\000i\000d\000g\000i\000n\000g\000\040\000C\000l\000a\000s\000s\000i\000c\000a\000l\000\040\000D\000S\000P\000\040\000a\000n\000d\000\040\000M\000o\000d\000e\000r\000n\000\040\000A\000t\000t\000e\000n\000t\000i\000o\000n}{section.1}% 4
\BOOKMARK [2][-]{subsection.1.4}{\376\377\0001\000.\0004\000\040\000S\000u\000m\000m\000a\000r\000y\000\040\000o\000f\000\040\000C\000o\000n\000t\000r\000i\000b\000u\000t\000i\000o\000n\000s}{section.1}% 5
\BOOKMARK [1][-]{section.2}{\376\377\0002\000.\000\040\000C\000o\000m\000p\000r\000e\000h\000e\000n\000s\000i\000v\000e\000\040\000L\000i\000t\000e\000r\000a\000t\000u\000r\000e\000\040\000R\000e\000v\000i\000e\000w}{}% 6
\BOOKMARK [2][-]{subsection.2.1}{\376\377\0002\000.\0001\000\040\000T\000h\000e\000\040\000E\000v\000o\000l\000u\000t\000i\000o\000n\000\040\000o\000f\000\040\000T\000i\000m\000e\000\040\000S\000e\000r\000i\000e\000s\000\040\000F\000o\000r\000e\000c\000a\000s\000t\000i\000n\000g}{section.2}% 7
\BOOKMARK [3][-]{subsubsection.2.1.1}{\376\377\000C\000l\000a\000s\000s\000i\000c\000a\000l\000\040\000S\000t\000a\000t\000i\000s\000t\000i\000c\000a\000l\000\040\000P\000a\000r\000a\000d\000i\000g\000m\000s}{subsection.2.1}% 8
\BOOKMARK [3][-]{subsubsection.2.1.2}{\376\377\000T\000h\000e\000\040\000D\000e\000e\000p\000\040\000L\000e\000a\000r\000n\000i\000n\000g\000\040\000T\000r\000a\000n\000s\000i\000t\000i\000o\000n}{subsection.2.1}% 9
\BOOKMARK [2][-]{subsection.2.2}{\376\377\0002\000.\0002\000\040\000T\000h\000e\000\040\000T\000r\000a\000n\000s\000f\000o\000r\000m\000e\000r\000\040\000E\000r\000a\000\040\000a\000n\000d\000\040\000t\000h\000e\000\040\000P\000a\000t\000c\000h\000\040\000P\000a\000r\000a\000d\000i\000g\000m}{section.2}% 10
\BOOKMARK [3][-]{subsubsection.2.2.1}{\376\377\000E\000a\000r\000l\000y\000\040\000T\000i\000m\000e\000-\000S\000e\000r\000i\000e\000s\000\040\000T\000r\000a\000n\000s\000f\000o\000r\000m\000e\000r\000s}{subsection.2.2}% 11
\BOOKMARK [3][-]{subsubsection.2.2.2}{\376\377\000T\000h\000e\000\040\000S\000h\000i\000f\000t\000\040\000t\000o\000\040\000P\000a\000t\000c\000h\000-\000B\000a\000s\000e\000d\000\040\000A\000r\000c\000h\000i\000t\000e\000c\000t\000u\000r\000e\000s}{subsection.2.2}% 12
\BOOKMARK [2][-]{subsection.2.3}{\376\377\0002\000.\0003\000\040\000W\000a\000v\000e\000l\000e\000t\000s\000\040\000i\000n\000\040\000D\000e\000e\000p\000\040\000L\000e\000a\000r\000n\000i\000n\000g}{section.2}% 13
\BOOKMARK [3][-]{subsubsection.2.3.1}{\376\377\000F\000i\000x\000e\000d\000\040\000B\000a\000s\000e\000s\000\040\000v\000s\000.\000\040\000P\000a\000r\000a\000m\000e\000t\000e\000r\000i\000z\000a\000t\000i\000o\000n}{subsection.2.3}% 14
\BOOKMARK [2][-]{subsection.2.4}{\376\377\0002\000.\0004\000\040\000H\000a\000n\000d\000l\000i\000n\000g\000\040\000N\000o\000n\000-\000S\000t\000a\000t\000i\000o\000n\000a\000r\000i\000t\000y\000\040\000a\000n\000d\000\040\000D\000i\000s\000t\000r\000i\000b\000u\000t\000i\000o\000n\000\040\000S\000h\000i\000f\000t}{section.2}% 15
\BOOKMARK [1][-]{section.3}{\376\377\0003\000.\000\040\000M\000a\000t\000h\000e\000m\000a\000t\000i\000c\000a\000l\000\040\000F\000o\000u\000n\000d\000a\000t\000i\000o\000n\000s}{}% 16
\BOOKMARK [2][-]{subsection.3.1}{\376\377\0003\000.\0001\000\040\000D\000i\000s\000c\000r\000e\000t\000e\000\040\000W\000a\000v\000e\000l\000e\000t\000\040\000T\000r\000a\000n\000s\000f\000o\000r\000m\000\040\000a\000n\000d\000\040\000M\000R\000A}{section.3}% 17
\BOOKMARK [2][-]{subsection.3.2}{\376\377\0003\000.\0002\000\040\000F\000r\000e\000q\000u\000e\000n\000c\000y\000\040\000S\000p\000a\000r\000s\000e\000\040\000A\000t\000t\000e\000n\000t\000i\000o\000n}{section.3}% 18
\BOOKMARK [2][-]{subsection.3.3}{\376\377\0003\000.\0003\000\040\000T\000h\000e\000\040\000O\000r\000t\000h\000o\000g\000o\000n\000a\000l\000i\000t\000y\000\040\000C\000o\000n\000s\000t\000r\000a\000i\000n\000t\000\040\000\050\000"\000T\000h\000e\000\040\000S\000e\000c\000r\000e\000t\000\040\000S\000a\000u\000c\000e\000"\000\051}{section.3}% 19
\BOOKMARK [2][-]{subsection.3.4}{\376\377\0003\000.\0004\000\040\000T\000h\000e\000\040\000H\000o\000r\000i\000z\000o\000n\000-\000F\000r\000e\000q\000u\000e\000n\000c\000y\000\040\000L\000e\000m\000m\000a}{section.3}% 20
\BOOKMARK [1][-]{section.4}{\376\377\0004\000.\000\040\000T\000h\000e\000\040\000P\000a\000t\000c\000h\000W\000R\000A\000T\000\040\000A\000r\000c\000h\000i\000t\000e\000c\000t\000u\000r\000e}{}% 21
\BOOKMARK [2][-]{subsection.4.1}{\376\377\0004\000.\0001\000\040\000R\000e\000v\000e\000r\000s\000i\000b\000l\000e\000\040\000I\000n\000s\000t\000a\000n\000c\000e\000\040\000N\000o\000r\000m\000a\000l\000i\000z\000a\000t\000i\000o\000n\000\040\000\050\000R\000e\000v\000I\000N\000\051}{section.4}% 22
\BOOKMARK [2][-]{subsection.4.2}{\376\377\0004\000.\0002\000\040\000L\000e\000a\000r\000n\000a\000b\000l\000e\000\040\000D\000W\000T\000\040\000D\000e\000c\000o\000m\000p\000o\000s\000i\000t\000i\000o\000n}{section.4}% 23
\BOOKMARK [2][-]{subsection.4.3}{\376\377\0004\000.\0003\000\040\000T\000h\000e\000\040\000W\000R\000A\000T\000B\000l\000o\000c\000k\000\040\000R\000o\000u\000t\000i\000n\000g}{section.4}% 24
\BOOKMARK [2][-]{subsection.4.4}{\376\377\0004\000.\0004\000\040\000L\000i\000n\000e\000a\000r\000\040\000P\000r\000o\000j\000e\000c\000t\000i\000o\000n}{section.4}% 25
\BOOKMARK [1][-]{section.5}{\376\377\0007\000.\000\040\000R\000e\000s\000u\000l\000t\000s\000\040\000a\000n\000d\000\040\000A\000b\000l\000a\000t\000i\000o\000n\000\040\000S\000t\000u\000d\000y}{}% 26
\BOOKMARK [2][-]{subsection.5.1}{\376\377\0007\000.\0001\000\040\000B\000e\000n\000c\000h\000m\000a\000r\000k\000\040\000P\000e\000r\000f\000o\000r\000m\000a\000n\000c\000e}{section.5}% 27
\BOOKMARK [2][-]{subsection.5.2}{\376\377\0007\000.\0002\000\040\000A\000n\000a\000l\000y\000s\000i\000s\000\040\000o\000f\000\040\000A\000r\000c\000h\000i\000t\000e\000c\000t\000u\000r\000a\000l\000\040\000C\000o\000m\000p\000o\000n\000e\000n\000t\000s}{section.5}% 28
\BOOKMARK [2][-]{subsection.5.3}{\376\377\0007\000.\0003\000\040\000C\000o\000m\000p\000e\000t\000i\000t\000i\000v\000e\000\040\000T\000e\000s\000t\000i\000n\000g\000\040\000o\000n\000\040\000E\000T\000T\000m\0001}{section.5}% 29
\BOOKMARK [2][-]{subsection.5.4}{\376\377\0007\000.\0004\000\040\000A\000b\000l\000a\000t\000i\000v\000e\000\040\000C\000o\000m\000p\000e\000t\000i\000t\000i\000v\000e\000\040\000A\000n\000a\000l\000y\000s\000i\000s}{section.5}% 30
\BOOKMARK [2][-]{subsection.5.5}{\376\377\0007\000.\0005\000\040\000M\000o\000d\000e\000l\000\040\000C\000o\000m\000p\000l\000e\000x\000i\000t\000y\000\040\000a\000n\000d\000\040\000H\000y\000p\000e\000r\000p\000a\000r\000a\000m\000e\000t\000e\000r\000\040\000E\000c\000o\000n\000o\000m\000y}{section.5}% 31
\BOOKMARK [1][-]{section.6}{\376\377\0006\000.\000\040\000C\000o\000n\000c\000l\000u\000s\000i\000o\000n}{}% 32
\BOOKMARK [1][-]{section.7}{\376\377\0008\000.\000\040\000E\000f\000f\000i\000c\000i\000e\000n\000t\000\040\000H\000y\000p\000e\000r\000s\000p\000e\000c\000t\000r\000a\000l\000\040\000I\000m\000a\000g\000e\000\040\000C\000l\000a\000s\000s\000i\000f\000i\000c\000a\000t\000i\000o\000n\000\040\000v\000i\000a\000\040\000D\000e\000t\000e\000r\000m\000i\000n\000i\000s\000t\000i\000c\000\040\0003\000D\000\040\000G\000a\000b\000o\000r\000\040\000W\000a\000v\000e\000l\000e\000t\000s\000\040\000a\000n\000d\000\040\000S\000p\000a\000t\000i\000a\000l\000-\000S\000p\000e\000c\000t\000r\000a\000l\000\040\000R\000e\000s\000i\000d\000u\000a\000l\000\040\000A\000t\000t\000e\000n\000t\000i\000o\000n}{}% 33
\BOOKMARK [2][-]{subsection.7.1}{\376\377\0008\000.\0001\000\040\000A\000b\000s\000t\000r\000a\000c\000t}{section.7}% 34
\BOOKMARK [2][-]{subsection.7.2}{\376\377\0008\000.\0002\000\040\000I\000n\000t\000r\000o\000d\000u\000c\000t\000i\000o\000n}{section.7}% 35
\BOOKMARK [2][-]{subsection.7.3}{\376\377\0008\000.\0003\000\040\000M\000e\000t\000h\000o\000d\000o\000l\000o\000g\000y}{section.7}% 36
\BOOKMARK [3][-]{subsubsection.7.3.1}{\376\377\0008\000.\0003\000.\0001\000\040\000D\000e\000t\000e\000r\000m\000i\000n\000i\000s\000t\000i\000c\000\040\0003\000D\000\040\000G\000a\000b\000o\000r\000\040\000F\000e\000a\000t\000u\000r\000e\000\040\000E\000x\000t\000r\000a\000c\000t\000i\000o\000n}{subsection.7.3}% 37
\BOOKMARK [3][-]{subsubsection.7.3.2}{\376\377\0008\000.\0003\000.\0002\000\040\000L\000e\000a\000r\000n\000e\000d\000\040\000S\000p\000a\000t\000i\000a\000l\000\040\000D\000e\000p\000t\000h\000w\000i\000s\000e\000\040\000P\000o\000o\000l\000i\000n\000g}{subsection.7.3}% 38
\BOOKMARK [3][-]{subsubsection.7.3.3}{\376\377\0008\000.\0003\000.\0003\000\040\000S\000p\000e\000c\000t\000r\000a\000l\000\040\000T\000o\000k\000e\000n\000i\000z\000a\000t\000i\000o\000n\000\040\000a\000n\000d\000\040\000R\000e\000s\000i\000d\000u\000a\000l\000\040\000A\000t\000t\000e\000n\000t\000i\000o\000n}{subsection.7.3}% 39
\BOOKMARK [2][-]{subsection.7.4}{\376\377\0008\000.\0004\000\040\000E\000x\000p\000e\000r\000i\000m\000e\000n\000t\000s\000\040\000a\000n\000d\000\040\000R\000e\000s\000u\000l\000t\000s}{section.7}% 40
\BOOKMARK [3][-]{subsubsection.7.4.1}{\376\377\0008\000.\0004\000.\0001\000\040\000E\000x\000e\000c\000u\000t\000i\000o\000n\000\040\000a\000n\000d\000\040\000A\000u\000t\000o\000m\000a\000t\000i\000o\000n\000\040\000P\000i\000p\000e\000l\000i\000n\000e}{subsection.7.4}% 41
\BOOKMARK [3][-]{subsubsection.7.4.2}{\376\377\0008\000.\0004\000.\0002\000\040\000B\000e\000n\000c\000h\000m\000a\000r\000k\000\040\0001\000:\000\040\000I\000n\000d\000i\000a\000n\000\040\000P\000i\000n\000e\000s\000\040\000\050\000A\000g\000r\000i\000c\000u\000l\000t\000u\000r\000a\000l\000\051}{subsection.7.4}% 42
\BOOKMARK [3][-]{subsubsection.7.4.3}{\376\377\0008\000.\0004\000.\0003\000\040\000B\000e\000n\000c\000h\000m\000a\000r\000k\000\040\0002\000:\000\040\000P\000a\000v\000i\000a\000\040\000U\000n\000i\000v\000e\000r\000s\000i\000t\000y\000\040\000\050\000U\000r\000b\000a\000n\000\051}{subsection.7.4}% 43
\BOOKMARK [2][-]{subsection.7.5}{\376\377\0008\000.\0005\000\040\000C\000o\000n\000c\000l\000u\000s\000i\000o\000n}{section.7}% 44
